prokka scripts are located in $EBROOTPROKKA/bin; databases are located in $EBROOTPROKKA/db
Selected assembly FASTA: /home/raha1670/genome_analysis/analysis/01_genomeAssembly/E_faecium_SPAdes_20260415_121016/scaffolds.fasta
Annotation run prefix: E_faecium_SPAdes_20260415_121016
Output directory: /home/raha1670/genome_analysis/analysis/03_genomeAnnotation/prokka_spades/E_faecium_SPAdes_20260415_121016
Running: prokka /home/raha1670/genome_analysis/analysis/01_genomeAssembly/E_faecium_SPAdes_20260415_121016/scaffolds.fasta --outdir /home/raha1670/genome_analysis/analysis/03_genomeAnnotation/prokka_spades/E_faecium_SPAdes_20260415_121016 --prefix E_faecium_SPAdes_20260415_121016 --cpus 1 --kingdom Bacteria --force
[12:14:49] This is prokka 1.14.5
[12:14:49] Written by Torsten Seemann <torsten.seemann@gmail.com>
[12:14:49] Homepage is https://github.com/tseemann/prokka
[12:14:49] Local time is Fri Apr 17 12:14:49 2026
[12:14:49] You are raha1670
[12:14:49] Operating system is linux
[12:14:49] You have BioPerl 1.7.8
Argument "1.7.8" isn't numeric in numeric lt (<) at /sw/arch/eb/software/prokka/1.14.5-gompi-2024a/bin/prokka line 259.
[12:14:49] System has 96 cores.
[12:14:49] Will use maximum of 1 cores.
[12:14:49] Annotating as >>> Bacteria <<<
[12:14:49] Generating locus_tag from '/home/raha1670/genome_analysis/analysis/01_genomeAssembly/E_faecium_SPAdes_20260415_121016/scaffolds.fasta' contents.
[12:14:49] Setting --locustag PJMGPNPJ from MD5 93609793276effec92d110e35ffbfd65
[12:14:49] Creating new output folder: /home/raha1670/genome_analysis/analysis/03_genomeAnnotation/prokka_spades/E_faecium_SPAdes_20260415_121016
[12:14:49] Running: mkdir -p \/home\/raha1670\/genome_analysis\/analysis\/03_genomeAnnotation\/prokka_spades\/E_faecium_SPAdes_20260415_121016
[12:14:49] Using filename prefix: E_faecium_SPAdes_20260415_121016.XXX
[12:14:49] Setting HMMER_NCPU=1
[12:14:49] Writing log to: /home/raha1670/genome_analysis/analysis/03_genomeAnnotation/prokka_spades/E_faecium_SPAdes_20260415_121016/E_faecium_SPAdes_20260415_121016.log
[12:14:49] Command: /sw/arch/eb/software/prokka/1.14.5-gompi-2024a/bin/prokka /home/raha1670/genome_analysis/analysis/01_genomeAssembly/E_faecium_SPAdes_20260415_121016/scaffolds.fasta --outdir /home/raha1670/genome_analysis/analysis/03_genomeAnnotation/prokka_spades/E_faecium_SPAdes_20260415_121016 --prefix E_faecium_SPAdes_20260415_121016 --cpus 1 --kingdom Bacteria --force
[12:14:49] Appending to PATH: /sw/arch/eb/software/prokka/1.14.5-gompi-2024a/bin/../binaries/linux
[12:14:49] Appending to PATH: /sw/arch/eb/software/prokka/1.14.5-gompi-2024a/bin/../binaries/linux/../common
[12:14:49] Appending to PATH: /sw/arch/eb/software/prokka/1.14.5-gompi-2024a/bin
[12:14:49] Looking for 'aragorn' - found /sw/arch/eb/software/prokka/1.14.5-gompi-2024a/bin/../binaries/linux/aragorn
[12:14:49] Determined aragorn version is 001002 from 'ARAGORN v1.2.38 Dean Laslett'
[12:14:49] Looking for 'blastp' - found /sw/arch/eb/software/BLAST+/2.16.0-gompi-2024a/bin/blastp
[12:14:55] Determined blastp version is 002016 from 'blastp: 2.16.0+'
[12:14:55] Looking for 'cmpress' - found /sw/arch/eb/software/prokka/1.14.5-gompi-2024a/bin/../binaries/linux/cmpress
[12:14:55] Determined cmpress version is 001001 from '# INFERNAL 1.1.2 (July 2016)'
[12:14:55] Looking for 'cmscan' - found /sw/arch/eb/software/prokka/1.14.5-gompi-2024a/bin/../binaries/linux/cmscan
[12:14:55] Determined cmscan version is 001001 from '# INFERNAL 1.1.2 (July 2016)'
[12:14:55] Looking for 'egrep' - found /usr/bin/egrep
[12:14:55] Looking for 'find' - found /usr/bin/find
[12:14:55] Looking for 'grep' - found /usr/bin/grep
[12:14:55] Looking for 'hmmpress' - found /sw/arch/eb/software/prokka/1.14.5-gompi-2024a/bin/../binaries/linux/hmmpress
[12:14:55] Determined hmmpress version is 003001 from '# HMMER 3.1b2 (February 2015); http://hmmer.org/'
[12:14:55] Looking for 'hmmscan' - found /sw/arch/eb/software/prokka/1.14.5-gompi-2024a/bin/../binaries/linux/hmmscan
[12:14:56] Determined hmmscan version is 003001 from '# HMMER 3.1b2 (February 2015); http://hmmer.org/'
[12:14:56] Looking for 'java' - found /sw/arch/eb/software/Java/17.0.15/bin/java
[12:14:56] Looking for 'makeblastdb' - found /sw/arch/eb/software/BLAST+/2.16.0-gompi-2024a/bin/makeblastdb
[12:15:02] Determined makeblastdb version is 002016 from 'makeblastdb: 2.16.0+'
[12:15:02] Looking for 'minced' - found /sw/arch/eb/software/prokka/1.14.5-gompi-2024a/bin/../binaries/linux/../common/minced
[12:15:02] Determined minced version is 002000 from 'minced 0.2.0'
[12:15:02] Looking for 'parallel' - found /sw/arch/eb/software/parallel/20240722-GCCcore-13.3.0/bin/parallel
[12:15:02] Determined parallel version is 20240722 from 'GNU parallel 20240722'
[12:15:02] Looking for 'prodigal' - found /sw/arch/eb/software/prokka/1.14.5-gompi-2024a/bin/../binaries/linux/prodigal
[12:15:02] Determined prodigal version is 002006 from 'Prodigal V2.6.3: February, 2016'
[12:15:02] Looking for 'prokka-genbank_to_fasta_db' - found /sw/arch/eb/software/prokka/1.14.5-gompi-2024a/bin/prokka-genbank_to_fasta_db
[12:15:02] Looking for 'sed' - found /usr/bin/sed
[12:15:02] Looking for 'tbl2asn' - found /sw/arch/eb/software/tbl2asn/20230713-GCCcore-13.3.0/bin/tbl2asn
[12:15:02] Determined tbl2asn version is 025008 from 'tbl2asn 25.8   arguments:'
[12:15:02] Using genetic code table 11.
[12:15:02] Loading and checking input file: /home/raha1670/genome_analysis/analysis/01_genomeAssembly/E_faecium_SPAdes_20260415_121016/scaffolds.fasta
[12:15:02] Wrote 881 contigs totalling 3122308 bp.
[12:15:02] Predicting tRNAs and tmRNAs
[12:15:02] Running: aragorn -l -gc11  -w \/home\/raha1670\/genome_analysis\/analysis\/03_genomeAnnotation\/prokka_spades\/E_faecium_SPAdes_20260415_121016\/E_faecium_SPAdes_20260415_121016\.fna
[12:15:03] 1 tRNA-Gln [66904,66976] 34 (ctg)
[12:15:03] 2 tRNA-Leu c[71346,71431] 36 (cag)
[12:15:03] 1 tRNA-Leu [12616,12700] 35 (gag)
[12:15:03] 1 tmRNA [14114,14477] 91,129 AKNENNSYALAA*
[12:15:03] 2 tRNA-Met c[16848,16921] 35 (cat)
[12:15:03] 1 tRNA-Arg [30166,30240] 35 (tct)
[12:15:03] 2 tRNA-Arg [84274,84349] 36 (cct)
[12:15:03] 1 tRNA-Thr c[58824,58896] 34 (ggt)
[12:15:03] 2 tRNA-Asn [59109,59184] 36 (gtt)
[12:15:03] 1 tRNA-Arg [25913,25986] 35 (ccg)
[12:15:03] 1 tRNA-Lys c[15158,15230] 34 (ctt)
[12:15:03] 1 tRNA-Gly c[17267,17337] 33 (ccc)
[12:15:03] 1 tRNA-Met [24731,24804] 35 (cat)
[12:15:03] 1 tRNA-Ser c[27394,27481] 33 (cga)
[12:15:03] 1 tRNA-Thr [28871,28943] 34 (cgt)
[12:15:03] 1 tRNA-Tyr [4533,4613] 35 (gta)
[12:15:03] 2 tRNA-Gln [4619,4692] 34 (ttg)
[12:15:03] 1 tRNA-Arg c[7470,7546] 36 (acg)
[12:15:03] 2 tRNA-Pro c[7603,7676] 35 (tgg)
[12:15:03] 3 tRNA-Arg c[7697,7772] 36 (acg)
[12:15:03] 4 tRNA-Leu c[7782,7867] 35 (taa)
[12:15:03] 5 tRNA-Gly c[7884,7955] 33 (gcc)
[12:15:03] 6 tRNA-Thr c[7965,8040] 35 (tgt)
[12:15:03] 7 tRNA-Leu c[8056,8139] 36 (tag)
[12:15:03] 8 tRNA-Lys c[8145,8219] 35 (ttt)
[12:15:03] 9 tRNA-Val c[8221,8295] 35 (tac)
[12:15:03] 1 tRNA-Ser [52,141] 37 (tga)
[12:15:03] 2 tRNA-Met [153,228] 36 (cat)
[12:15:03] 3 tRNA-Asp [246,321] 34 (gtc)
[12:15:03] 4 tRNA-Gly [323,393] 33 (tcc)
[12:15:03] 5 tRNA-Ile [405,480] 36 (gat)
[12:15:03] 6 tRNA-Ser [503,592] 36 (gct)
[12:15:03] 7 tRNA-Glu [612,685] 35 (ttc)
[12:15:03] 8 tRNA-Ser [707,796] 37 (tga)
[12:15:03] 9 tRNA-Met [808,883] 36 (cat)
[12:15:03] 10 tRNA-Asp [900,974] 35 (gtc)
[12:15:03] 11 tRNA-Phe [976,1050] 35 (gaa)
[12:15:03] 12 tRNA-Gly [1054,1124] 33 (tcc)
[12:15:03] 13 tRNA-Ile [1136,1211] 36 (gat)
[12:15:03] 14 tRNA-Glu [1221,1294] 35 (ttc)
[12:15:03] 1 tRNA-Leu c[7175,7261] 36 (caa)
[12:15:03] 2 tRNA-Gln c[7277,7350] 34 (ttg)
[12:15:03] 3 tRNA-His c[7360,7433] 34 (gtg)
[12:15:03] 4 tRNA-Leu c[7494,7580] 36 (caa)
[12:15:03] 5 tRNA-Cys c[7600,7670] 33 (gca)
[12:15:03] 1 tRNA-Ser c[28,119] 36 (gga)
[12:15:03] 1 tRNA-Met [46,121] 36 (cat)
[12:15:03] 1 tRNA-Trp [25,98] 33 (cca)
[12:15:03] 1 tRNA-Ala [3,75] 34 (tgc)
[12:15:03] Found 49 tRNAs
[12:15:03] Predicting Ribosomal RNAs
[12:15:03] You need either Barrnap or RNAmmer installed to predict rRNAs!
[12:15:03] Skipping ncRNA search, enable with --rfam if desired.
[12:15:03] Total of 48 tRNA + rRNA features
[12:15:03] Searching for CRISPR repeats
[12:15:04] Found 0 CRISPRs
[12:15:04] Predicting coding sequences
[12:15:04] Contigs total 3122308 bp, so using single mode
[12:15:04] Running: prodigal -i \/home\/raha1670\/genome_analysis\/analysis\/03_genomeAnnotation\/prokka_spades\/E_faecium_SPAdes_20260415_121016\/E_faecium_SPAdes_20260415_121016\.fna -c -m -g 11 -p single -f sco -q
[12:15:06] Found 3002 CDS
[12:15:06] Connecting features back to sequences
[12:15:06] Not using genus-specific database. Try --usegenus to enable it.
[12:15:06] Annotating CDS, please be patient.
[12:15:06] Will use 1 CPUs for similarity searching.
[12:15:06] There are still 3002 unannotated CDS left (started with 3002)
[12:15:06] Will use blast to search against /sw/arch/eb/software/prokka/1.14.5-gompi-2024a/db/kingdom/Bacteria/IS with 1 CPUs
[12:15:06] Running: cat \/home\/raha1670\/genome_analysis\/analysis\/03_genomeAnnotation\/prokka_spades\/E_faecium_SPAdes_20260415_121016\/E_faecium_SPAdes_20260415_121016\.IS\.tmp\.1356613\.faa | parallel --gnu --plain -j 1 --block 444847 --recstart '>' --pipe blastp -query - -db /sw/arch/eb/software/prokka/1.14.5-gompi-2024a/db/kingdom/Bacteria/IS -evalue 1e-30 -qcov_hsp_perc 90 -num_threads 1 -num_descriptions 1 -num_alignments 1 -seg no > \/home\/raha1670\/genome_analysis\/analysis\/03_genomeAnnotation\/prokka_spades\/E_faecium_SPAdes_20260415_121016\/E_faecium_SPAdes_20260415_121016\.IS\.tmp\.1356613\.blast 2> /dev/null
[12:16:07] Deleting unwanted file: /home/raha1670/genome_analysis/analysis/03_genomeAnnotation/prokka_spades/E_faecium_SPAdes_20260415_121016/E_faecium_SPAdes_20260415_121016.IS.tmp.1356613.faa
[12:16:07] Deleting unwanted file: /home/raha1670/genome_analysis/analysis/03_genomeAnnotation/prokka_spades/E_faecium_SPAdes_20260415_121016/E_faecium_SPAdes_20260415_121016.IS.tmp.1356613.blast
[12:16:07] There are still 2861 unannotated CDS left (started with 3002)
[12:16:07] Will use blast to search against /sw/arch/eb/software/prokka/1.14.5-gompi-2024a/db/kingdom/Bacteria/AMR with 1 CPUs
[12:16:07] Running: cat \/home\/raha1670\/genome_analysis\/analysis\/03_genomeAnnotation\/prokka_spades\/E_faecium_SPAdes_20260415_121016\/E_faecium_SPAdes_20260415_121016\.AMR\.tmp\.1356613\.faa | parallel --gnu --plain -j 1 --block 421244 --recstart '>' --pipe blastp -query - -db /sw/arch/eb/software/prokka/1.14.5-gompi-2024a/db/kingdom/Bacteria/AMR -evalue 1e-300 -qcov_hsp_perc 90 -num_threads 1 -num_descriptions 1 -num_alignments 1 -seg no > \/home\/raha1670\/genome_analysis\/analysis\/03_genomeAnnotation\/prokka_spades\/E_faecium_SPAdes_20260415_121016\/E_faecium_SPAdes_20260415_121016\.AMR\.tmp\.1356613\.blast 2> /dev/null
[12:16:40] Deleting unwanted file: /home/raha1670/genome_analysis/analysis/03_genomeAnnotation/prokka_spades/E_faecium_SPAdes_20260415_121016/E_faecium_SPAdes_20260415_121016.AMR.tmp.1356613.faa
[12:16:40] Deleting unwanted file: /home/raha1670/genome_analysis/analysis/03_genomeAnnotation/prokka_spades/E_faecium_SPAdes_20260415_121016/E_faecium_SPAdes_20260415_121016.AMR.tmp.1356613.blast
[12:16:40] There are still 2859 unannotated CDS left (started with 3002)
[12:16:40] Will use blast to search against /sw/arch/eb/software/prokka/1.14.5-gompi-2024a/db/kingdom/Bacteria/sprot with 1 CPUs
[12:16:40] Running: cat \/home\/raha1670\/genome_analysis\/analysis\/03_genomeAnnotation\/prokka_spades\/E_faecium_SPAdes_20260415_121016\/E_faecium_SPAdes_20260415_121016\.sprot\.tmp\.1356613\.faa | parallel --gnu --plain -j 1 --block 420741 --recstart '>' --pipe blastp -query - -db /sw/arch/eb/software/prokka/1.14.5-gompi-2024a/db/kingdom/Bacteria/sprot -evalue 1e-09 -qcov_hsp_perc 80 -num_threads 1 -num_descriptions 1 -num_alignments 1 -seg no > \/home\/raha1670\/genome_analysis\/analysis\/03_genomeAnnotation\/prokka_spades\/E_faecium_SPAdes_20260415_121016\/E_faecium_SPAdes_20260415_121016\.sprot\.tmp\.1356613\.blast 2> /dev/null
[12:19:23] Modify product: Uncharacterized ABC transporter ATP-binding protein Rv0986 => putative ABC transporter ATP-binding protein
[12:19:23] Modify product: Probable phosphotransferase enzyme IIB component M6_Spy0801 => putative phosphotransferase enzyme IIB component
[12:19:23] Modify product: Uncharacterized HTH-type transcriptional regulator YurK => putative HTH-type transcriptional regulator YurK
[12:19:23] Modify product: Stress response regulator gls24 homolog => Stress response regulator gls24 
[12:19:23] Modify product: Probable peptidoglycan glycosyltransferase FtsW => putative peptidoglycan glycosyltransferase FtsW
[12:19:23] Modify product: Probable ABC transporter extracellular-binding protein YckB => putative ABC transporter extracellular-binding protein YckB
[12:19:23] Modify product: UPF0371 protein DIP2346 => hypothetical protein
[12:19:23] Modify product: UPF0340 protein YwlG => hypothetical protein
[12:19:23] Modify product: Uncharacterized ABC transporter permease Rv0072 => putative ABC transporter permease
[12:19:23] Modify product: Uncharacterized HTH-type transcriptional regulator YbbH => putative HTH-type transcriptional regulator YbbH
[12:19:23] Modify product: Uncharacterized oxidoreductase YhhX => putative oxidoreductase YhhX
[12:19:23] Modify product: Rqc2 homolog RqcH => Rqc2 RqcH
[12:19:23] Modify product: Acetyltransferase SACOL1063 => Acetyltransferase
[12:19:23] Modify product: Uncharacterized epimerase/dehydratase SA0511 => putative epimerase/dehydratase
[12:19:23] Modify product: Uncharacterized protein YedJ => putative protein YedJ
[12:19:23] Modify product: UPF0398 protein YpsA => hypothetical protein
[12:19:23] Modify product: UPF0291 protein SP_1473 => hypothetical protein
[12:19:23] Modify product: Uncharacterized MscS family protein YkuT => putative MscS family protein YkuT
[12:19:23] Modify product: Probable glutamine ABC transporter permease protein GlnP => putative glutamine ABC transporter permease protein GlnP
[12:19:23] Modify product: Probable glutamine ABC transporter permease protein GlnM => putative glutamine ABC transporter permease protein GlnM
[12:19:23] Modify product: Putative universal stress protein SA1532 => Putative universal stress protein
[12:19:23] Modify product: UPF0234 protein XC_3703 => hypothetical protein
[12:19:23] Modify product: Probable metallo-hydrolase M6_Spy0554 => putative metallo-hydrolase
[12:19:23] Modify product: Uncharacterized protein YqeN => putative protein YqeN
[12:19:23] Modify product: Uncharacterized protein YlbL => putative protein YlbL
[12:19:23] Modify product: Probable peptidoglycan glycosyltransferase FtsW => putative peptidoglycan glycosyltransferase FtsW
[12:19:23] Modify product: UPF0358 protein EF_2458 => hypothetical protein
[12:19:23] Modify product: UPF0223 protein BH2638 => hypothetical protein
[12:19:23] Modify product: Probable ribosomal protein YlxQ => putative ribosomal protein YlxQ
[12:19:23] Modify product: Uncharacterized protease YdeA => putative protease YdeA
[12:19:23] Modify product: Probable cell division protein WhiA => putative cell division protein WhiA
[12:19:23] Modify product: Probable GTP-binding protein EngB => putative GTP-binding protein EngB
[12:19:23] Modify product: Uncharacterized RNA methyltransferase SP_1029 => putative RNA methyltransferase
[12:19:23] Modify product: Probable undecaprenyl-phosphate N-acetylglucosaminyl 1-phosphate transferase => putative undecaprenyl-phosphate N-acetylglucosaminyl 1-phosphate transferase
[12:19:23] Modify product: UPF0374 protein SP_1903 => hypothetical protein
[12:19:23] Modify product: Acetyltransferase SACOL1063 => Acetyltransferase
[12:19:23] Modify product: UPF0053 inner membrane protein YfjD => hypothetical protein
[12:19:23] Modify product: Uncharacterized protein YkuJ => putative protein YkuJ
[12:19:23] Modify product: Uncharacterized protein YqeH => putative protein YqeH
[12:19:23] Modify product: RNA-binding protein HI_1333 => RNA-binding protein
[12:19:23] Modify product: Probable transcriptional regulatory protein YeeN => putative transcriptional regulatory protein YeeN
[12:19:23] Modify product: Probable tautomerase SAR1376 => putative tautomerase
[12:19:23] Modify product: Uncharacterized HTH-type transcriptional regulator YbbH => putative HTH-type transcriptional regulator YbbH
[12:19:23] Modify product: Uncharacterized multiple-sugar transport system permease YteP => putative multiple-sugar transport system permease YteP
[12:19:23] Modify product: Uncharacterized response regulatory protein SACOL0201 => putative response regulatory protein
[12:19:23] Modify product: Uncharacterized membrane protein YuaF => putative membrane protein YuaF
[12:19:23] Modify product: Uncharacterized metal-dependent hydrolase YcfH => putative metal-dependent hydrolase YcfH
[12:19:23] Modify product: Probable HTH-type transcriptional repressor ExuR => putative HTH-type transcriptional repressor ExuR
[12:19:23] Modify product: UPF0316 protein SA1727 => hypothetical protein
[12:19:23] Modify product: Probable manganese-dependent inorganic pyrophosphatase => putative manganese-dependent inorganic pyrophosphatase
[12:19:23] Modify product: Uncharacterized protein YccU => putative protein YccU
[12:19:23] Modify product: UPF0346 protein YozE => hypothetical protein
[12:19:23] Modify product: DegV domain-containing protein SP_1112 => DegV domain-containing protein
[12:19:23] Modify product: UPF0073 inner membrane protein YqfA => hypothetical protein
[12:19:23] Modify product: Uncharacterized protein YpjD => putative protein YpjD
[12:19:23] Modify product: UPF0302 protein BA_1542/GBAA_1542/BAS1430 => hypothetical protein
[12:19:23] Modify product: 30S ribosomal protein S1 homolog => 30S ribosomal protein S1 
[12:19:23] Modify product: Putative dipeptidase SA1572 => Putative dipeptidase
[12:19:23] Modify product: Uncharacterized ABC transporter ATP-binding protein YbiT => putative ABC transporter ATP-binding protein YbiT
[12:19:23] Modify product: Probable transporter SCO4007 => putative transporter
[12:19:23] Modify product: UPF0213 protein EF_2693 => hypothetical protein
[12:19:23] Modify product: Uncharacterized AAA domain-containing protein Rv2559c => putative AAA domain-containing protein
[12:19:23] Modify product: Putative universal stress protein SA1532 => Putative universal stress protein
[12:19:23] Modify product: Uncharacterized ABC transporter ATP-binding protein YbiT => putative ABC transporter ATP-binding protein YbiT
[12:19:23] Modify product: Uncharacterized symporter YjmB => putative symporter YjmB
[12:19:23] Modify product: Uncharacterized multiple-sugar transport system permease YteP => putative multiple-sugar transport system permease YteP
[12:19:23] Modify product: Putative phosphatase M6_Spy0533 => Putative phosphatase
[12:19:23] Modify product: UPF0109 protein Rv2908c => hypothetical protein
[12:19:23] Modify product: UPF0122 protein SP_1288 => hypothetical protein
[12:19:23] Modify product: Nucleoid-associated protein SP_1102 => Nucleoid-associated protein
[12:19:23] Modify product: Uncharacterized protein Rv1339 => putative protein
[12:19:23] Modify product: Uncharacterized protein Spy1535 => putative protein
[12:19:23] Modify product: Bifunctional protein FolD => Bifunctional protein FolD protein
[12:19:23] Modify product: Probable ATP-dependent RNA helicase YfmL => putative ATP-dependent RNA helicase YfmL
[12:19:23] Modify product: Probable endonuclease 4 => putative endonuclease 4
[12:19:23] Modify product: UPF0154 protein SA1178 => hypothetical protein
[12:19:23] Modify product: Probable multidrug resistance ABC transporter ATP-binding/permease protein YheI => putative multidrug resistance ABC transporter ATP-binding/permease protein YheI
[12:19:23] Modify product: Probable multidrug resistance ABC transporter ATP-binding/permease protein YheH => putative multidrug resistance ABC transporter ATP-binding/permease protein YheH
[12:19:23] Modify product: Probable 6-phospho-beta-glucosidase => putative 6-phospho-beta-glucosidase
[12:19:23] Modify product: Uncharacterized protein YqeY => putative protein YqeY
[12:19:23] Modify product: Probable capsular polysaccharide biosynthesis protein YwqC => putative capsular polysaccharide biosynthesis protein YwqC
[12:19:23] Modify product: Uncharacterized sugar transferase EpsL => putative sugar transferase EpsL
[12:19:23] Modify product: Uncharacterized ABC transporter ATP-binding protein TM_0288 => putative ABC transporter ATP-binding protein
[12:19:23] Modify product: Uncharacterized ABC transporter ATP-binding protein Rv1273c => putative ABC transporter ATP-binding protein
[12:19:23] Modify product: Probable phosphotransferase enzyme IIB component M6_Spy0801 => putative phosphotransferase enzyme IIB component
[12:19:23] Modify product: UPF0309 protein BH3325 => hypothetical protein
[12:19:23] Modify product: UPF0173 metal-dependent hydrolase SA1529 => hypothetical protein
[12:19:23] Modify product: Probable bifunctional oligoribonuclease and PAP phosphatase NrnA => putative bifunctional oligoribonuclease and PAP phosphatase NrnA
[12:19:23] Modify product: Uncharacterized protein YpjQ => putative protein YpjQ
[12:19:23] Modify product: Probable ketoamine kinase HMPREF0351_12196 => putative ketoamine kinase
[12:19:23] Modify product: Probable tRNA sulfurtransferase => putative tRNA sulfurtransferase
[12:19:23] Modify product: Probable licABCH operon regulator => putative licABCH operon regulator
[12:19:23] Modify product: GTP cyclohydrolase 1 type 2 homolog => GTP cyclohydrolase 1 type 2 
[12:19:23] Modify product: UPF0176 protein SP_0095 => hypothetical protein
[12:19:23] Modify product: DegV domain-containing protein MW1315 => DegV domain-containing protein
[12:19:23] Modify product: Uncharacterized ABC transporter ATP-binding protein YbiT => putative ABC transporter ATP-binding protein YbiT
[12:19:23] Modify product: Potassium channel HX13_20290 => Potassium channel
[12:19:23] Modify product: Putative universal stress protein SA1532 => Putative universal stress protein
[12:19:23] Modify product: Probable protein-export membrane protein SecG => putative protein-export membrane protein SecG
[12:19:23] Modify product: Uncharacterized protein YjdJ => putative protein YjdJ
[12:19:23] Modify product: Probable succinyl-diaminopimelate desuccinylase => putative succinyl-diaminopimelate desuccinylase
[12:19:23] Modify product: Probable DNA-directed RNA polymerase subunit delta => putative DNA-directed RNA polymerase subunit delta
[12:19:23] Modify product: Uncharacterized isomerase YddE => putative isomerase YddE
[12:19:23] Modify product: Uncharacterized protein YhaP => putative protein YhaP
[12:19:23] Modify product: DegV domain-containing protein MW1315 => DegV domain-containing protein
[12:19:23] Modify product: Putative lipid kinase SP_1045 => Putative lipid kinase
[12:19:23] Modify product: Uncharacterized ABC transporter ATP-binding protein YknY => putative ABC transporter ATP-binding protein YknY
[12:19:23] Modify product: UPF0051 protein SA0778 => hypothetical protein
[12:19:23] Modify product: UPF0051 protein SA0778 => hypothetical protein
[12:19:23] Modify product: Probable ABC transporter ATP-binding protein M6_Spy0273 => putative ABC transporter ATP-binding protein
[12:19:23] Modify product: UPF0473 protein SP_0194 => hypothetical protein
[12:19:23] Modify product: UPF0297 protein EF_1202 => hypothetical protein
[12:19:23] Modify product: Uncharacterized ABC transporter ATP-binding protein YheS => putative ABC transporter ATP-binding protein YheS
[12:19:23] Modify product: Probable arabinose-binding protein => putative arabinose-binding protein
[12:19:23] Modify product: Uncharacterized ABC transporter ATP-binding protein TM_0288 => putative ABC transporter ATP-binding protein
[12:19:23] Modify product: Uncharacterized ABC transporter ATP-binding protein Rv1273c => putative ABC transporter ATP-binding protein
[12:19:23] Modify product: UPF0356 protein M6_Spy1605 => hypothetical protein
[12:19:23] Modify product: UPF0758 protein SP_1088 => hypothetical protein
[12:19:23] Modify product: Phosphorylated carbohydrates phosphatase TM_1254 => Phosphorylated carbohydrates phosphatase
[12:19:23] Modify product: Uncharacterized protein YjcQ => putative protein YjcQ
[12:19:23] Modify product: Probable mannose-6-phosphate isomerase GmuF => putative mannose-6-phosphate isomerase GmuF
[12:19:23] Modify product: Probable transcriptional regulatory protein HI_0315 => putative transcriptional regulatory protein
[12:19:23] Modify product: Probable glutamate/gamma-aminobutyrate antiporter => putative glutamate/gamma-aminobutyrate antiporter
[12:19:23] Modify product: Multidrug efflux system ATP-binding protein Rv1218c => Multidrug efflux system ATP-binding protein
[12:19:23] Modify product: Multidrug efflux system permease protein Rv1217c => Multidrug efflux system permease protein
[12:19:23] Modify product: UPF0145 protein YbjQ => hypothetical protein
[12:19:23] Modify product: Probable N-acetyl-LL-diaminopimelate aminotransferase => putative N-acetyl-LL-diaminopimelate aminotransferase
[12:19:23] Modify product: Glutathione peroxidase homolog BsaA => Glutathione peroxidase BsaA
[12:19:23] Modify product: Uncharacterized protein YueI => putative protein YueI
[12:19:23] Modify product: TelA-like protein SA1238 => TelA-like protein
[12:19:23] Modify product: Uncharacterized amino acid permease YhdG => putative amino acid permease YhdG
[12:19:23] Modify product: Probable glucose uptake protein GlcU => putative glucose uptake protein GlcU
[12:19:23] Modify product: Probable arabinose-binding protein => putative arabinose-binding protein
[12:19:23] Modify product: Probable manganese catalase => putative manganese catalase
[12:19:23] Modify product: Probable L-ascorbate-6-phosphate lactonase UlaG => putative L-ascorbate-6-phosphate lactonase UlaG
[12:19:23] Modify product: Deacetylase EF_0837 => Deacetylase
[12:19:23] Modify product: Uncharacterized HTH-type transcriptional regulator HI_0186 => putative HTH-type transcriptional regulator
[12:19:23] Modify product: Uncharacterized protein PA2218 => putative protein
[12:19:23] Modify product: Uncharacterized sugar epimerase YhfK => putative sugar epimerase YhfK
[12:19:23] Modify product: Probable acrylyl-CoA reductase AcuI => putative acrylyl-CoA reductase AcuI
[12:19:23] Modify product: Probable phosphotransferase enzyme IIB component M6_Spy0801 => putative phosphotransferase enzyme IIB component
[12:19:23] Modify product: Uncharacterized amino acid permease YvbW => putative amino acid permease YvbW
[12:19:23] Modify product: Probable UbiX-like flavin prenyltransferase => putative UbiX-like flavin prenyltransferase
[12:19:23] Modify product: Uncharacterized membrane protein YdfK => putative membrane protein YdfK
[12:19:23] Modify product: Uncharacterized ABC transporter ATP-binding protein Rv0986 => putative ABC transporter ATP-binding protein
[12:19:23] Modify product: Probable transport protein YifK => putative transport protein YifK
[12:19:23] Modify product: Probable pyridine nucleotide-disulfide oxidoreductase RclA => putative pyridine nucleotide-disulfide oxidoreductase RclA
[12:19:23] Modify product: Uncharacterized protein Spy1614 => putative protein
[12:19:23] Modify product: Uncharacterized protein SA1069 => putative protein
[12:19:23] Modify product: UPF0342 protein SA1663 => hypothetical protein
[12:19:23] Modify product: Putative multidrug export ATP-binding/permease protein SAV1866 => Putative multidrug export ATP-binding/permease protein
[12:19:23] Modify product: Probable HTH-type transcriptional repressor ExuR => putative HTH-type transcriptional repressor ExuR
[12:19:23] Modify product: Uncharacterized N-acetyltransferase YvbK => putative N-acetyltransferase YvbK
[12:19:23] Modify product: Phosphate-specific transport system accessory protein PhoU homolog => Phosphate-specific transport system accessory protein PhoU 
[12:19:23] Modify product: Uncharacterized protein YibN => putative protein YibN
[12:19:23] Modify product: Uncharacterized protein YqgQ => putative protein YqgQ
[12:19:23] Modify product: Uncharacterized protein YqgN => putative protein YqgN
[12:19:23] Modify product: Probable siderophore-binding lipoprotein YfiY => putative siderophore-binding lipoprotein YfiY
[12:19:23] Modify product: Uncharacterized oxidoreductase SA2266 => putative oxidoreductase
[12:19:23] Modify product: Putative acetyltransferase SA2342 => Putative acetyltransferase
[12:19:23] Modify product: Zinc-type alcohol dehydrogenase-like protein SA1988 => Zinc-type alcohol dehydrogenase-like protein
[12:19:23] Modify product: Uncharacterized ABC transporter ATP-binding protein TM_0288 => putative ABC transporter ATP-binding protein
[12:19:23] Modify product: Uncharacterized ABC transporter ATP-binding protein Rv1273c => putative ABC transporter ATP-binding protein
[12:19:23] Modify product: Uncharacterized ABC transporter ATP-binding protein Rv1273c => putative ABC transporter ATP-binding protein
[12:19:23] Modify product: 23S rRNA 5-hydroxycytidine C2501 synthase => 23S rRNA 5-hydroxycytidine synthase
[12:19:23] Modify product: Uncharacterized PIN and TRAM-domain containing protein YacL => putative PIN and TRAM-domain containing protein YacL
[12:19:23] Modify product: Zinc-type alcohol dehydrogenase-like protein SA1988 => Zinc-type alcohol dehydrogenase-like protein
[12:19:23] Modify product: Probable protein kinase UbiB => putative protein kinase UbiB
[12:19:23] Modify product: UPF0178 protein YaiI => hypothetical protein
[12:19:23] Modify product: Putative universal stress protein SA1532 => Putative universal stress protein
[12:19:23] Modify product: Uncharacterized oxidoreductase SpyM50865 => putative oxidoreductase
[12:19:23] Modify product: Phosphorylated carbohydrates phosphatase TM_1254 => Phosphorylated carbohydrates phosphatase
[12:19:24] Modify product: Uncharacterized HTH-type transcriptional regulator YdjF => putative HTH-type transcriptional regulator YdjF
[12:19:24] Modify product: Uncharacterized ABC transporter permease Rv0072 => putative ABC transporter permease
[12:19:24] Modify product: Probable copper-importing P-type ATPase A => putative copper-importing P-type ATPase A
[12:19:24] Modify product: Potassium channel HX13_20290 => Potassium channel
[12:19:24] Modify product: Probable licABCH operon regulator => putative licABCH operon regulator
[12:19:24] Modify product: Uncharacterized ABC transporter ATP-binding protein Rv1273c => putative ABC transporter ATP-binding protein
[12:19:24] Modify product: Uncharacterized ABC transporter ATP-binding protein TM_0288 => putative ABC transporter ATP-binding protein
[12:19:24] Modify product: Uncharacterized ABC transporter ATP-binding protein YadG => putative ABC transporter ATP-binding protein YadG
[12:19:24] Modify product: UPF0701 protein YicC => hypothetical protein
[12:19:24] Modify product: Uncharacterized oxidoreductase YghA => putative oxidoreductase YghA
[12:19:24] Modify product: Probable dual-specificity RNA methyltransferase RlmN => putative dual-specificity RNA methyltransferase RlmN
[12:19:24] Modify product: Calcium-transporting ATPase lmo0841 => Calcium-transporting ATPase
[12:19:24] Modify product: Uncharacterized multiple-sugar transport system permease YteP => putative multiple-sugar transport system permease YteP
[12:19:24] Modify product: Prophage bactoprenol glucosyl transferase homolog => Prophage bactoprenol glucosyl transferase 
[12:19:24] Modify product: UPF0324 inner membrane protein YeiH => hypothetical protein
[12:19:24] Modify product: Probable tRNA-dihydrouridine synthase => putative tRNA-dihydrouridine synthase
[12:19:24] Modify product: UPF0702 transmembrane protein YetF => hypothetical protein
[12:19:24] Cleaned 189 /product names
[12:19:24] Deleting unwanted file: /home/raha1670/genome_analysis/analysis/03_genomeAnnotation/prokka_spades/E_faecium_SPAdes_20260415_121016/E_faecium_SPAdes_20260415_121016.sprot.tmp.1356613.faa
[12:19:24] Deleting unwanted file: /home/raha1670/genome_analysis/analysis/03_genomeAnnotation/prokka_spades/E_faecium_SPAdes_20260415_121016/E_faecium_SPAdes_20260415_121016.sprot.tmp.1356613.blast
[12:19:24] There are still 1387 unannotated CDS left (started with 3002)
[12:19:24] Will use hmmer3 to search against /sw/arch/eb/software/prokka/1.14.5-gompi-2024a/db/hmm/HAMAP.hmm with 1 CPUs
[12:19:24] Running: cat \/home\/raha1670\/genome_analysis\/analysis\/03_genomeAnnotation\/prokka_spades\/E_faecium_SPAdes_20260415_121016\/E_faecium_SPAdes_20260415_121016\.HAMAP\.hmm\.tmp\.1356613\.faa | parallel --gnu --plain -j 1 --block 170746 --recstart '>' --pipe hmmscan --noali --notextw --acc -E 1e-09 --cpu 1 /sw/arch/eb/software/prokka/1.14.5-gompi-2024a/db/hmm/HAMAP.hmm /dev/stdin > \/home\/raha1670\/genome_analysis\/analysis\/03_genomeAnnotation\/prokka_spades\/E_faecium_SPAdes_20260415_121016\/E_faecium_SPAdes_20260415_121016\.HAMAP\.hmm\.tmp\.1356613\.hmmer3 2> /dev/null
[12:20:13] Modify product: Protein SprT-like => Protein SprT-like protein
[12:20:13] Modify product: Uncharacterized MFS-type transporter YfcJ => putative MFS-type transporter YfcJ
[12:20:13] Cleaned 2 /product names
[12:20:13] Deleting unwanted file: /home/raha1670/genome_analysis/analysis/03_genomeAnnotation/prokka_spades/E_faecium_SPAdes_20260415_121016/E_faecium_SPAdes_20260415_121016.HAMAP.hmm.tmp.1356613.faa
[12:20:13] Deleting unwanted file: /home/raha1670/genome_analysis/analysis/03_genomeAnnotation/prokka_spades/E_faecium_SPAdes_20260415_121016/E_faecium_SPAdes_20260415_121016.HAMAP.hmm.tmp.1356613.hmmer3
[12:20:13] Labelling remaining 1264 proteins as 'hypothetical protein'
[12:20:13] Possible /pseudo 'IS3 family transposase ISEfa8' at NODE_1_length_150861_cov_224.293980 position 6416
[12:20:13] Possible /pseudo 'IS3 family transposase ISEfa8' at NODE_1_length_150861_cov_224.293980 position 9032
[12:20:13] Possible /pseudo 'Dihydroorotate dehydrogenase B (NAD(+)), electron transfer subunit' at NODE_2_length_148506_cov_79.619073 position 120820
[12:20:13] Possible /pseudo 'Di-/tripeptide transporter' at NODE_3_length_135445_cov_98.254652 position 62853
[12:20:13] Possible /pseudo 'Phosphonoacetaldehyde hydrolase' at NODE_4_length_124618_cov_69.371831 position 691
[12:20:13] Possible /pseudo 'Xylulose-5-phosphate phosphoketolase' at NODE_4_length_124618_cov_69.371831 position 23105
[12:20:13] Possible /pseudo 'Na(+), Li(+), K(+)/H(+) antiporter subunit B' at NODE_4_length_124618_cov_69.371831 position 118643
[12:20:13] Possible /pseudo 'Undecaprenyl-phosphate 4-deoxy-4-formamido-L-arabinose transferase' at NODE_5_length_122812_cov_107.617513 position 28744
[12:20:13] Possible /pseudo 'IS3 family transposase ISEfa10' at NODE_6_length_122713_cov_187.981303 position 48799
[12:20:13] Possible /pseudo 'IS3 family transposase IS1485' at NODE_6_length_122713_cov_187.981303 position 59636
[12:20:13] Possible /pseudo 'IS3 family transposase IS1485' at NODE_6_length_122713_cov_187.981303 position 72763
[12:20:13] Possible /pseudo 'IS3 family transposase IS1485' at NODE_6_length_122713_cov_187.981303 position 84707
[12:20:13] Possible /pseudo 'Sensor histidine kinase DcuS' at NODE_7_length_117454_cov_84.656553 position 4883
[12:20:13] Possible /pseudo 'IS3 family transposase ISEfa8' at NODE_9_length_107302_cov_119.414593 position 60339
[12:20:13] Possible /pseudo 'PTS system mannose-specific EIIAB component' at NODE_10_length_87816_cov_65.862225 position 38507
[12:20:13] Possible /pseudo 'putative ABC transporter ATP-binding protein' at NODE_12_length_71250_cov_101.755044 position 5417
[12:20:13] Possible /pseudo 'IS3 family transposase IS1485' at NODE_16_length_61314_cov_176.008843 position 48216
[12:20:13] Possible /pseudo 'putative ABC transporter ATP-binding protein' at NODE_20_length_58160_cov_81.948950 position 46723
[12:20:13] Possible /pseudo 'IS3 family transposase ISEfa8' at NODE_22_length_47323_cov_131.190499 position 25807
[12:20:13] Possible /pseudo 'Na(+)/H(+) antiporter NhaC' at NODE_26_length_36097_cov_105.777581 position 11352
[12:20:13] Possible /pseudo 'Regulatory protein Spx' at NODE_27_length_34615_cov_126.780309 position 21500
[12:20:13] Possible /pseudo 'Calcium-transporting ATPase 1' at NODE_31_length_30942_cov_131.450762 position 20668
[12:20:13] Possible /pseudo 'Coenzyme A biosynthesis bifunctional protein CoaBC' at NODE_33_length_29458_cov_108.915073 position 2951
[12:20:13] Possible /pseudo 'putative protein' at NODE_39_length_23878_cov_149.899484 position 11013
[12:20:13] Possible /pseudo 'Phosphate import ATP-binding protein PstB 3' at NODE_41_length_22949_cov_62.254187 position 21449
[12:20:13] Possible /pseudo 'Multidrug efflux protein YfmO' at NODE_43_length_20777_cov_73.027077 position 960
[12:20:13] Possible /pseudo 'Putative NAD(P)H nitroreductase YodC' at NODE_43_length_20777_cov_73.027077 position 4621
[12:20:13] Possible /pseudo 'putative ABC transporter ATP-binding protein' at NODE_44_length_18647_cov_89.082465 position 11543
[12:20:13] Possible /pseudo 'PTS system fructose-specific EIIABC component' at NODE_57_length_13784_cov_65.090387 position 7519
[12:20:13] Possible /pseudo 'putative ABC transporter ATP-binding protein' at NODE_65_length_11095_cov_249.004064 position 9312
[12:20:13] Possible /pseudo 'General stress protein A' at NODE_71_length_7697_cov_56.144607 position 2660
[12:20:13] Found 1178 unique /gene codes.
[12:20:13] Fixed 2 duplicate /gene - ligA_1 ligA_2
[12:20:13] Fixed 2 duplicate /gene - glcU_1 glcU_2
[12:20:13] Fixed 2 duplicate /gene - fabG_1 fabG_2
[12:20:13] Fixed 2 duplicate /gene - gspA_1 gspA_2
[12:20:13] Fixed 3 duplicate /gene - ybiT_1 ybiT_2 ybiT_3
[12:20:13] Fixed 2 duplicate /gene - norR_1 norR_2
[12:20:13] Fixed 3 duplicate /gene - manR_1 manR_2 manR_3
[12:20:13] Fixed 2 duplicate /gene - msrA_1 msrA_2
[12:20:13] Fixed 2 duplicate /gene - ltaS1_1 ltaS1_2
[12:20:13] Fixed 2 duplicate /gene - steT_1 steT_2
[12:20:13] Fixed 2 duplicate /gene - rpmF_1 rpmF_2
[12:20:13] Fixed 2 duplicate /gene - uxuA_1 uxuA_2
[12:20:13] Fixed 2 duplicate /gene - phnX_1 phnX_2
[12:20:13] Fixed 2 duplicate /gene - aes_1 aes_2
[12:20:13] Fixed 2 duplicate /gene - gatA_1 gatA_2
[12:20:13] Fixed 2 duplicate /gene - panT_1 panT_2
[12:20:13] Fixed 2 duplicate /gene - iolU_1 iolU_2
[12:20:13] Fixed 2 duplicate /gene - coaBC_1 coaBC_2
[12:20:13] Fixed 2 duplicate /gene - mprF_1 mprF_2
[12:20:13] Fixed 2 duplicate /gene - cdr_1 cdr_2
[12:20:13] Fixed 2 duplicate /gene - gmuC_1 gmuC_2
[12:20:13] Fixed 2 duplicate /gene - clpP_1 clpP_2
[12:20:13] Fixed 7 duplicate /gene - soj_1 soj_2 soj_3 soj_4 soj_5 soj_6 soj_7
[12:20:13] Fixed 2 duplicate /gene - metP_1 metP_2
[12:20:13] Fixed 5 duplicate /gene - dgaR_1 dgaR_2 dgaR_3 dgaR_4 dgaR_5
[12:20:13] Fixed 2 duplicate /gene - ribZ_1 ribZ_2
[12:20:13] Fixed 3 duplicate /gene - murJ_1 murJ_2 murJ_3
[12:20:13] Fixed 2 duplicate /gene - ybaK_1 ybaK_2
[12:20:13] Fixed 2 duplicate /gene - murR_1 murR_2
[12:20:13] Fixed 2 duplicate /gene - gmk_1 gmk_2
[12:20:13] Fixed 2 duplicate /gene - mutS_1 mutS_2
[12:20:13] Fixed 2 duplicate /gene - ygaZ_1 ygaZ_2
[12:20:13] Fixed 2 duplicate /gene - phoR_1 phoR_2
[12:20:13] Fixed 2 duplicate /gene - rluB_1 rluB_2
[12:20:13] Fixed 2 duplicate /gene - ftsW_1 ftsW_2
[12:20:13] Fixed 2 duplicate /gene - purR_1 purR_2
[12:20:13] Fixed 7 duplicate /gene - araQ_1 araQ_2 araQ_3 araQ_4 araQ_5 araQ_6 araQ_7
[12:20:13] Fixed 2 duplicate /gene - gmuD_1 gmuD_2
[12:20:13] Fixed 6 duplicate /gene - bin3_1 bin3_2 bin3_3 bin3_4 bin3_5 bin3_6
[12:20:13] Fixed 3 duplicate /gene - prsA_1 prsA_2 prsA_3
[12:20:13] Fixed 2 duplicate /gene - pepF1_1 pepF1_2
[12:20:13] Fixed 2 duplicate /gene - pnp_1 pnp_2
[12:20:13] Fixed 2 duplicate /gene - hrtA_1 hrtA_2
[12:20:13] Fixed 2 duplicate /gene - gtaB_1 gtaB_2
[12:20:13] Fixed 3 duplicate /gene - agaA_1 agaA_2 agaA_3
[12:20:13] Fixed 2 duplicate /gene - tadA_1 tadA_2
[12:20:13] Fixed 2 duplicate /gene - brnQ_1 brnQ_2
[12:20:13] Fixed 2 duplicate /gene - gap_1 gap_2
[12:20:13] Fixed 3 duplicate /gene - menH_1 menH_2 menH_3
[12:20:13] Fixed 3 duplicate /gene - arnC_1 arnC_2 arnC_3
[12:20:13] Fixed 2 duplicate /gene - umuC_1 umuC_2
[12:20:13] Fixed 2 duplicate /gene - def_1 def_2
[12:20:13] Fixed 5 duplicate /gene - gmuE_1 gmuE_2 gmuE_3 gmuE_4 gmuE_5
[12:20:13] Fixed 2 duplicate /gene - yvdM_1 yvdM_2
[12:20:13] Fixed 2 duplicate /gene - wbgU_1 wbgU_2
[12:20:13] Fixed 2 duplicate /gene - dapH_1 dapH_2
[12:20:13] Fixed 2 duplicate /gene - mntB_1 mntB_2
[12:20:13] Fixed 2 duplicate /gene - natA_1 natA_2
[12:20:13] Fixed 2 duplicate /gene - arlR_1 arlR_2
[12:20:13] Fixed 3 duplicate /gene - rhaS_1 rhaS_2 rhaS_3
[12:20:13] Fixed 2 duplicate /gene - mtlF_1 mtlF_2
[12:20:13] Fixed 2 duplicate /gene - scrB_1 scrB_2
[12:20:13] Fixed 3 duplicate /gene - hdfR_1 hdfR_2 hdfR_3
[12:20:13] Fixed 2 duplicate /gene - malL_1 malL_2
[12:20:13] Fixed 4 duplicate /gene - degA_1 degA_2 degA_3 degA_4
[12:20:13] Fixed 2 duplicate /gene - treP_1 treP_2
[12:20:13] Fixed 5 duplicate /gene - fruA_1 fruA_2 fruA_3 fruA_4 fruA_5
[12:20:13] Fixed 4 duplicate /gene - sasA_1 sasA_2 sasA_3 sasA_4
[12:20:13] Fixed 2 duplicate /gene - ybbH_1 ybbH_2
[12:20:13] Fixed 2 duplicate /gene - sorB_1 sorB_2
[12:20:13] Fixed 2 duplicate /gene - exuR_1 exuR_2
[12:20:13] Fixed 2 duplicate /gene - folT_1 folT_2
[12:20:13] Fixed 2 duplicate /gene - ugl_1 ugl_2
[12:20:13] Fixed 3 duplicate /gene - yteP_1 yteP_2 yteP_3
[12:20:13] Fixed 2 duplicate /gene - opuCA_1 opuCA_2
[12:20:13] Fixed 3 duplicate /gene - gatC_1 gatC_2 gatC_3
[12:20:13] Fixed 5 duplicate /gene - bglF_1 bglF_2 bglF_3 bglF_4 bglF_5
[12:20:13] Fixed 2 duplicate /gene - folA_1 folA_2
[12:20:13] Fixed 2 duplicate /gene - oppF_1 oppF_2
[12:20:13] Fixed 2 duplicate /gene - arcD1_1 arcD1_2
[12:20:13] Fixed 2 duplicate /gene - mltF_1 mltF_2
[12:20:13] Fixed 2 duplicate /gene - fabZ_1 fabZ_2
[12:20:13] Fixed 2 duplicate /gene - gph_1 gph_2
[12:20:13] Fixed 2 duplicate /gene - dcuS_1 dcuS_2
[12:20:13] Fixed 2 duplicate /gene - npr_1 npr_2
[12:20:13] Fixed 6 duplicate /gene - topB_1 topB_2 topB_3 topB_4 topB_5 topB_6
[12:20:13] Fixed 2 duplicate /gene - xpkA_1 xpkA_2
[12:20:13] Fixed 2 duplicate /gene - abfA_1 abfA_2
[12:20:13] Fixed 2 duplicate /gene - ponA_1 ponA_2
[12:20:13] Fixed 2 duplicate /gene - scaC_1 scaC_2
[12:20:13] Fixed 3 duplicate /gene - argR_1 argR_2 argR_3
[12:20:13] Fixed 4 duplicate /gene - sorA_1 sorA_2 sorA_3 sorA_4
[12:20:13] Fixed 2 duplicate /gene - rluD_1 rluD_2
[12:20:13] Fixed 2 duplicate /gene - oppD_1 oppD_2
[12:20:13] Fixed 8 duplicate /gene - manZ_1 manZ_2 manZ_3 manZ_4 manZ_5 manZ_6 manZ_7 manZ_8
[12:20:13] Fixed 6 duplicate /gene - rhaR_1 rhaR_2 rhaR_3 rhaR_4 rhaR_5 rhaR_6
[12:20:13] Fixed 7 duplicate /gene - manX_1 manX_2 manX_3 manX_4 manX_5 manX_6 manX_7
[12:20:13] Fixed 3 duplicate /gene - smc_1 smc_2 smc_3
[12:20:13] Fixed 2 duplicate /gene - ghrB_1 ghrB_2
[12:20:13] Fixed 2 duplicate /gene - gadC_1 gadC_2
[12:20:13] Fixed 13 duplicate /gene - xerC_1 xerC_2 xerC_3 xerC_4 xerC_5 xerC_6 xerC_7 xerC_8 xerC_9 xerC_10 xerC_11 xerC_12 xerC_13
[12:20:13] Fixed 2 duplicate /gene - bceB_1 bceB_2
[12:20:13] Fixed 2 duplicate /gene - dagK_1 dagK_2
[12:20:13] Fixed 2 duplicate /gene - sbnD_1 sbnD_2
[12:20:13] Fixed 2 duplicate /gene - pstB3_1 pstB3_2
[12:20:13] Fixed 5 duplicate /gene - lacF_1 lacF_2 lacF_3 lacF_4 lacF_5
[12:20:13] Fixed 2 duplicate /gene - recQ_1 recQ_2
[12:20:13] Fixed 2 duplicate /gene - guaA_1 guaA_2
[12:20:13] Fixed 2 duplicate /gene - licA_1 licA_2
[12:20:13] Fixed 2 duplicate /gene - gltC_1 gltC_2
[12:20:13] Fixed 2 duplicate /gene - araR_1 araR_2
[12:20:13] Fixed 2 duplicate /gene - lacC_1 lacC_2
[12:20:13] Fixed 2 duplicate /gene - mro_1 mro_2
[12:20:13] Fixed 3 duplicate /gene - frlB_1 frlB_2 frlB_3
[12:20:13] Fixed 2 duplicate /gene - mutS2_1 mutS2_2
[12:20:13] Fixed 2 duplicate /gene - nanE_1 nanE_2
[12:20:13] Fixed 3 duplicate /gene - tagU_1 tagU_2 tagU_3
[12:20:13] Fixed 2 duplicate /gene - glnQ_1 glnQ_2
[12:20:13] Fixed 2 duplicate /gene - pglH_1 pglH_2
[12:20:13] Fixed 2 duplicate /gene - umpB_1 umpB_2
[12:20:13] Fixed 2 duplicate /gene - licR_1 licR_2
[12:20:13] Fixed 2 duplicate /gene - rspR_1 rspR_2
[12:20:13] Fixed 2 duplicate /gene - COQ5_1 COQ5_2
[12:20:13] Fixed 2 duplicate /gene - bceA_1 bceA_2
[12:20:13] Fixed 2 duplicate /gene - ptcB_1 ptcB_2
[12:20:13] Fixed 2 duplicate /gene - tuf_1 tuf_2
[12:20:13] Fixed 2 duplicate /gene - srrA_1 srrA_2
[12:20:13] Fixed 2 duplicate /gene - walR_1 walR_2
[12:20:13] Fixed 2 duplicate /gene - pyrK_1 pyrK_2
[12:20:13] Fixed 2 duplicate /gene - queT_1 queT_2
[12:20:13] Fixed 4 duplicate /gene - licT_1 licT_2 licT_3 licT_4
[12:20:13] Fixed 2 duplicate /gene - yecS_1 yecS_2
[12:20:13] Fixed 2 duplicate /gene - ssaB_1 ssaB_2
[12:20:13] Fixed 3 duplicate /gene - artM_1 artM_2 artM_3
[12:20:13] Fixed 2 duplicate /gene - araN_1 araN_2
[12:20:13] Fixed 3 duplicate /gene - yidA_1 yidA_2 yidA_3
[12:20:13] Fixed 2 duplicate /gene - yfmO_1 yfmO_2
[12:20:13] Fixed 2 duplicate /gene - eis_1 eis_2
[12:20:13] Fixed 2 duplicate /gene - pbpX_1 pbpX_2
[12:20:13] Fixed 4 duplicate /gene - ssb_1 ssb_2 ssb_3 ssb_4
[12:20:13] Fixed 2 duplicate /gene - ldh_1 ldh_2
[12:20:13] Fixed 5 duplicate /gene - btuD_1 btuD_2 btuD_3 btuD_4 btuD_5
[12:20:13] Fixed 3 duplicate /gene - lacG_1 lacG_2 lacG_3
[12:20:13] Fixed 2 duplicate /gene - ulaA_1 ulaA_2
[12:20:13] Fixed 2 duplicate /gene - nagR_1 nagR_2
[12:20:13] Fixed 2 duplicate /gene - clsA_1 clsA_2
[12:20:13] Fixed 2 duplicate /gene - dinG_1 dinG_2
[12:20:13] Fixed 2 duplicate /gene - metQ_1 metQ_2
[12:20:13] Fixed 5 duplicate /gene - spxA_1 spxA_2 spxA_3 spxA_4 spxA_5
[12:20:13] Fixed 2 duplicate /gene - dinB_1 dinB_2
[12:20:13] Fixed 2 duplicate /gene - murA1_1 murA1_2
[12:20:13] Fixed 2 duplicate /gene - ywpJ_1 ywpJ_2
[12:20:13] Fixed 2 duplicate /gene - lacR_1 lacR_2
[12:20:13] Fixed 2 duplicate /gene - gpsA_1 gpsA_2
[12:20:13] Fixed 3 duplicate /gene - ptsG_1 ptsG_2 ptsG_3
[12:20:13] Fixed 3 duplicate /gene - bglH_1 bglH_2 bglH_3
[12:20:13] Fixed 2 duplicate /gene - nox_1 nox_2
[12:20:13] Fixed 2 duplicate /gene - ohrB_1 ohrB_2
[12:20:13] Fixed 3 duplicate /gene - xylB_1 xylB_2 xylB_3
[12:20:13] Fixed 2 duplicate /gene - rcsC_1 rcsC_2
[12:20:13] Fixed 2 duplicate /gene - helD_1 helD_2
[12:20:13] Fixed 3 duplicate /gene - nhaC_1 nhaC_2 nhaC_3
[12:20:13] Fixed 2 duplicate /gene - atpE_1 atpE_2
[12:20:13] Fixed 2 duplicate /gene - yodC_1 yodC_2
[12:20:13] Fixed 2 duplicate /gene - bcrA_1 bcrA_2
[12:20:13] Fixed 2 duplicate /gene - rex_1 rex_2
[12:20:13] Fixed 2 duplicate /gene - cspLA_1 cspLA_2
[12:20:13] Fixed 2 duplicate /gene - melR_1 melR_2
[12:20:13] Fixed 3 duplicate /gene - licC_1 licC_2 licC_3
[12:20:13] Fixed 2 duplicate /gene - dtpT_1 dtpT_2
[12:20:13] Fixed 2 duplicate /gene - yfnB_1 yfnB_2
[12:20:13] Fixed 2 duplicate /gene - uvrC_1 uvrC_2
[12:20:13] Fixed 2 duplicate /gene - ntpJ_1 ntpJ_2
[12:20:13] Fixed 2 duplicate /gene - galK_1 galK_2
[12:20:13] Fixed 2 duplicate /gene - lacE_1 lacE_2
[12:20:13] Fixed 2 duplicate /gene - pstS1_1 pstS1_2
[12:20:13] Fixed 2 duplicate /gene - ctpE_1 ctpE_2
[12:20:13] Fixed 2 duplicate /gene - rpe_1 rpe_2
[12:20:13] Fixed 2 duplicate /gene - ccpA_1 ccpA_2
[12:20:13] Fixed 2 duplicate /gene - iscS_1 iscS_2
[12:20:13] Fixed 3 duplicate /gene - gpmA_1 gpmA_2 gpmA_3
[12:20:13] Fixed 2 duplicate /gene - rpmGA_1 rpmGA_2
[12:20:13] Fixed 2 duplicate /gene - rpsN2_1 rpsN2_2
[12:20:13] Fixed 2 duplicate /gene - yxdL_1 yxdL_2
[12:20:13] Fixed 184 colliding /gene names.
[12:20:13] Adding /locus_tag identifiers
[12:20:13] Assigned 3051 locus_tags to CDS and RNA features.
[12:20:13] Writing outputs to /home/raha1670/genome_analysis/analysis/03_genomeAnnotation/prokka_spades/E_faecium_SPAdes_20260415_121016/
[12:20:14] Generating annotation statistics file
[12:20:14] Generating Genbank and Sequin files
[12:20:14] Running: tbl2asn -V b -a r10k -l paired-ends -M n -N 1 -y 'Annotated using prokka 1.14.5 from https://github.com/tseemann/prokka' -Z \/home\/raha1670\/genome_analysis\/analysis\/03_genomeAnnotation\/prokka_spades\/E_faecium_SPAdes_20260415_121016\/E_faecium_SPAdes_20260415_121016\.err -i \/home\/raha1670\/genome_analysis\/analysis\/03_genomeAnnotation\/prokka_spades\/E_faecium_SPAdes_20260415_121016\/E_faecium_SPAdes_20260415_121016\.fsa 2> /dev/null
[12:20:19] Deleting unwanted file: /home/raha1670/genome_analysis/analysis/03_genomeAnnotation/prokka_spades/E_faecium_SPAdes_20260415_121016/errorsummary.val
[12:20:19] Deleting unwanted file: /home/raha1670/genome_analysis/analysis/03_genomeAnnotation/prokka_spades/E_faecium_SPAdes_20260415_121016/E_faecium_SPAdes_20260415_121016.dr
[12:20:19] Deleting unwanted file: /home/raha1670/genome_analysis/analysis/03_genomeAnnotation/prokka_spades/E_faecium_SPAdes_20260415_121016/E_faecium_SPAdes_20260415_121016.fixedproducts
[12:20:19] Deleting unwanted file: /home/raha1670/genome_analysis/analysis/03_genomeAnnotation/prokka_spades/E_faecium_SPAdes_20260415_121016/E_faecium_SPAdes_20260415_121016.ecn
[12:20:19] Deleting unwanted file: /home/raha1670/genome_analysis/analysis/03_genomeAnnotation/prokka_spades/E_faecium_SPAdes_20260415_121016/E_faecium_SPAdes_20260415_121016.val
[12:20:19] Repairing broken .GBK output that tbl2asn produces...
[12:20:19] Running: sed 's/COORDINATES: profile/COORDINATES:profile/' < \/home\/raha1670\/genome_analysis\/analysis\/03_genomeAnnotation\/prokka_spades\/E_faecium_SPAdes_20260415_121016\/E_faecium_SPAdes_20260415_121016\.gbf > \/home\/raha1670\/genome_analysis\/analysis\/03_genomeAnnotation\/prokka_spades\/E_faecium_SPAdes_20260415_121016\/E_faecium_SPAdes_20260415_121016\.gbk
[12:20:19] Deleting unwanted file: /home/raha1670/genome_analysis/analysis/03_genomeAnnotation/prokka_spades/E_faecium_SPAdes_20260415_121016/E_faecium_SPAdes_20260415_121016.gbf
[12:20:19] Output files:
[12:20:19] /home/raha1670/genome_analysis/analysis/03_genomeAnnotation/prokka_spades/E_faecium_SPAdes_20260415_121016/E_faecium_SPAdes_20260415_121016.sqn
[12:20:19] /home/raha1670/genome_analysis/analysis/03_genomeAnnotation/prokka_spades/E_faecium_SPAdes_20260415_121016/E_faecium_SPAdes_20260415_121016.log
[12:20:19] /home/raha1670/genome_analysis/analysis/03_genomeAnnotation/prokka_spades/E_faecium_SPAdes_20260415_121016/E_faecium_SPAdes_20260415_121016.gbk
[12:20:19] /home/raha1670/genome_analysis/analysis/03_genomeAnnotation/prokka_spades/E_faecium_SPAdes_20260415_121016/E_faecium_SPAdes_20260415_121016.txt
[12:20:19] /home/raha1670/genome_analysis/analysis/03_genomeAnnotation/prokka_spades/E_faecium_SPAdes_20260415_121016/E_faecium_SPAdes_20260415_121016.tsv
[12:20:19] /home/raha1670/genome_analysis/analysis/03_genomeAnnotation/prokka_spades/E_faecium_SPAdes_20260415_121016/E_faecium_SPAdes_20260415_121016.tbl
[12:20:19] /home/raha1670/genome_analysis/analysis/03_genomeAnnotation/prokka_spades/E_faecium_SPAdes_20260415_121016/E_faecium_SPAdes_20260415_121016.ffn
[12:20:19] /home/raha1670/genome_analysis/analysis/03_genomeAnnotation/prokka_spades/E_faecium_SPAdes_20260415_121016/E_faecium_SPAdes_20260415_121016.err
[12:20:19] /home/raha1670/genome_analysis/analysis/03_genomeAnnotation/prokka_spades/E_faecium_SPAdes_20260415_121016/E_faecium_SPAdes_20260415_121016.fna
[12:20:19] /home/raha1670/genome_analysis/analysis/03_genomeAnnotation/prokka_spades/E_faecium_SPAdes_20260415_121016/E_faecium_SPAdes_20260415_121016.faa
[12:20:19] /home/raha1670/genome_analysis/analysis/03_genomeAnnotation/prokka_spades/E_faecium_SPAdes_20260415_121016/E_faecium_SPAdes_20260415_121016.fsa
[12:20:19] /home/raha1670/genome_analysis/analysis/03_genomeAnnotation/prokka_spades/E_faecium_SPAdes_20260415_121016/E_faecium_SPAdes_20260415_121016.gff
[12:20:19] Annotation finished successfully.
[12:20:19] Walltime used: 5.50 minutes
[12:20:19] If you use this result please cite the Prokka paper:
[12:20:19] Seemann T (2014) Prokka: rapid prokaryotic genome annotation. Bioinformatics. 30(14):2068-9.
[12:20:19] Type 'prokka --citation' for more details.
[12:20:19] Thank you, come again.
Running: tar -czf /home/raha1670/genome_analysis/analysis/03_genomeAnnotation/prokka_spades/E_faecium_SPAdes_20260415_121016_prokka_spades_output.tar.gz -C /home/raha1670/genome_analysis/analysis/03_genomeAnnotation/prokka_spades E_faecium_SPAdes_20260415_121016
