/sw/arch/eb/software/QUAST/5.3.0-gfbf-2024a/bin/quast.py analysis/01_genomeAssembly/E_faecium_PacBio/E_faecium_PacBio.contigs.fasta --threads 1 --output-dir analysis/02_genomeEvaluation/E_faecium_PacBio_QUAST --k-mer-stats

Version: 5.3.0

System information:
  OS: Linux-5.14.0-611.41.1.el9_7.x86_64-x86_64-with-glibc2.34 (linux_64)
  Python version: 3.12.3
  CPUs number: 96

Started: 2026-04-11 18:51:18

Logging to /gorilla/home/raha1670/genome_analysis/analysis/02_genomeEvaluation/E_faecium_PacBio_QUAST/quast.log

CWD: /gorilla/home/raha1670/genome_analysis
Main parameters: 
  MODE: default, threads: 1, min contig length: 500, min alignment length: 65, min alignment IDY: 95.0, \
  ambiguity: one, min local misassembly length: 200, min extensive misassembly length: 1000

Contigs:
  Pre-processing...
  analysis/01_genomeAssembly/E_faecium_PacBio/E_faecium_PacBio.contigs.fasta ==> E_faecium_PacBio.contigs

2026-04-11 18:51:28
Running Basic statistics processor...
  Contig files: 
    E_faecium_PacBio.contigs
  Calculating N50 and L50...
    E_faecium_PacBio.contigs, N50 = 2762475, L50 = 1, auN = 2463767.4, Total length = 3115034, GC % = 37.80, # N's per 100 kbp =  0.00
  Drawing Nx plot...
    saved to /gorilla/home/raha1670/genome_analysis/analysis/02_genomeEvaluation/E_faecium_PacBio_QUAST/basic_stats/Nx_plot.pdf
  Drawing cumulative plot...
    saved to /gorilla/home/raha1670/genome_analysis/analysis/02_genomeEvaluation/E_faecium_PacBio_QUAST/basic_stats/cumulative_plot.pdf
  Drawing GC content plot...
    saved to /gorilla/home/raha1670/genome_analysis/analysis/02_genomeEvaluation/E_faecium_PacBio_QUAST/basic_stats/GC_content_plot.pdf
  Drawing E_faecium_PacBio.contigs GC content plot...
    saved to /gorilla/home/raha1670/genome_analysis/analysis/02_genomeEvaluation/E_faecium_PacBio_QUAST/basic_stats/E_faecium_PacBio.contigs_GC_content_plot.pdf
Done.

NOTICE: Genes are not predicted by default. Use --gene-finding or --glimmer option to enable it.

2026-04-11 18:51:32
Creating large visual summaries...
This may take a while: press Ctrl-C to skip this step..
  1 of 2: Creating PDF with all tables and plots...
  2 of 2: Creating Icarus viewers...
Done

2026-04-11 18:51:33
RESULTS:
  Text versions of total report are saved to /gorilla/home/raha1670/genome_analysis/analysis/02_genomeEvaluation/E_faecium_PacBio_QUAST/report.txt, report.tsv, and report.tex
  Text versions of transposed total report are saved to /gorilla/home/raha1670/genome_analysis/analysis/02_genomeEvaluation/E_faecium_PacBio_QUAST/transposed_report.txt, transposed_report.tsv, and transposed_report.tex
  HTML version (interactive tables and plots) is saved to /gorilla/home/raha1670/genome_analysis/analysis/02_genomeEvaluation/E_faecium_PacBio_QUAST/report.html
  PDF version (tables and plots) is saved to /gorilla/home/raha1670/genome_analysis/analysis/02_genomeEvaluation/E_faecium_PacBio_QUAST/report.pdf
  Icarus (contig browser) is saved to /gorilla/home/raha1670/genome_analysis/analysis/02_genomeEvaluation/E_faecium_PacBio_QUAST/icarus.html
  Log is saved to /gorilla/home/raha1670/genome_analysis/analysis/02_genomeEvaluation/E_faecium_PacBio_QUAST/quast.log

Finished: 2026-04-11 18:51:33
Elapsed time: 0:00:14.780783
NOTICEs: 1; WARNINGs: 0; non-fatal ERRORs: 0

Thank you for using QUAST!
