=== BLAST related-species run ===
Script           : slurm_script
Assembly mode    : SPAdes
Assembly run dir : /home/raha1670/genome_analysis/analysis/01_genomeAssembly/E_faecium_SPAdes_20260415_121016
Query FASTA      : /home/raha1670/genome_analysis/analysis/04_genomeSynteny/blast_species_spades/E_faecium_SPAdes_20260415_121016/E_faecium_SPAdes_20260415_121016_top2_sequences.fasta
Query sources    : /home/raha1670/genome_analysis/analysis/01_genomeAssembly/E_faecium_SPAdes_20260415_121016/contigs.fasta; /home/raha1670/genome_analysis/analysis/01_genomeAssembly/E_faecium_SPAdes_20260415_121016/scaffolds.fasta
BLAST database   : nt
Top sequences    : 2
Threads          : 2
Max targets      : 100
Max HSPs         : 1
Min identity     : 80
Min qcov         : 60
E-value          : 1e-20
Running: blastn -task megablast -query /home/raha1670/genome_analysis/analysis/04_genomeSynteny/blast_species_spades/E_faecium_SPAdes_20260415_121016/E_faecium_SPAdes_20260415_121016_top2_sequences.fasta -db nt -num_threads 2 -max_target_seqs 100 -max_hsps 1 -perc_identity 80 -qcov_hsp_perc 60 -evalue 1e-20 -outfmt 6 qseqid sseqid pident length evalue bitscore staxids sscinames stitle -out /home/raha1670/genome_analysis/analysis/04_genomeSynteny/blast_species_spades/E_faecium_SPAdes_20260415_121016/E_faecium_SPAdes_20260415_121016_blast_hits.tsv
Top species hits (first 10):
Enterococcus faecium	18	2.738e+05
Enterococcus faecium DO	1	2.394e+05
Enterococcus sp. DIV0782	1	1.729e+05
species	hit_count	best_bitscore
