=== BLAST related-species run ===
Script           : slurm_script
Assembly mode    : SPAdes
Assembly run dir : /home/raha1670/genome_analysis/analysis/01_genomeAssembly/E_faecium_SPAdes_20260415_121016
Query FASTA      : /home/raha1670/genome_analysis/analysis/04_genomeSynteny/blast_species_spades/E_faecium_SPAdes_20260415_121016/E_faecium_SPAdes_20260415_121016_top2_sequences.fasta
Query sources    : /home/raha1670/genome_analysis/analysis/01_genomeAssembly/E_faecium_SPAdes_20260415_121016/contigs.fasta; /home/raha1670/genome_analysis/analysis/01_genomeAssembly/E_faecium_SPAdes_20260415_121016/scaffolds.fasta
BLAST database   : nt
Search scope     : 81852
Exclude taxid    : 1352
Top sequences    : 2
Threads          : 2
Max targets      : 200
Max HSPs         : 1
Min identity     : 70
Min qcov         : 50
E-value          : 1e-10
Running: blastn -task megablast -query /home/raha1670/genome_analysis/analysis/04_genomeSynteny/blast_species_spades/E_faecium_SPAdes_20260415_121016/E_faecium_SPAdes_20260415_121016_top2_sequences.fasta -db nt -negative_taxids 1352 -num_threads 2 -max_target_seqs 200 -max_hsps 1 -perc_identity 70 -qcov_hsp_perc 50 -evalue 1e-10 -outfmt 6 qseqid sseqid pident length evalue bitscore staxids sscinames stitle -out /home/raha1670/genome_analysis/analysis/04_genomeSynteny/blast_species_spades/E_faecium_SPAdes_20260415_121016/E_faecium_SPAdes_20260415_121016_blast_hits.tsv
Top species hits (first 10):
Enterococcus sp. DIV0782	1	1.729e+05
Enterococcus sp. MSG3290	1	1.625e+05
species	hit_count	best_bitscore
