Selected assembly FASTA: /home/raha1670/genome_analysis/analysis/01_genomeAssembly/E_faecium_SPAdes_20260415_121016/scaffolds.fasta
Evaluation run prefix: E_faecium_SPAdes_20260415_121016
Output directory: /home/raha1670/genome_analysis/analysis/02_genomeEvaluation/quast_spades/E_faecium_SPAdes_20260415_121016
Running: quast.py /home/raha1670/genome_analysis/analysis/01_genomeAssembly/E_faecium_SPAdes_20260415_121016/scaffolds.fasta --threads 1 --gene-finding --output-dir /home/raha1670/genome_analysis/analysis/02_genomeEvaluation/quast_spades/E_faecium_SPAdes_20260415_121016 --k-mer-stats
/sw/arch/eb/software/QUAST/5.3.0-gfbf-2024a/bin/quast.py /home/raha1670/genome_analysis/analysis/01_genomeAssembly/E_faecium_SPAdes_20260415_121016/scaffolds.fasta --threads 1 --gene-finding --output-dir /home/raha1670/genome_analysis/analysis/02_genomeEvaluation/quast_spades/E_faecium_SPAdes_20260415_121016 --k-mer-stats

Version: 5.3.0

System information:
  OS: Linux-5.14.0-611.41.1.el9_7.x86_64-x86_64-with-glibc2.34 (linux_64)
  Python version: 3.12.3
  CPUs number: 96

Started: 2026-04-15 13:52:36

Logging to /home/raha1670/genome_analysis/analysis/02_genomeEvaluation/quast_spades/E_faecium_SPAdes_20260415_121016/quast.log
NOTICE: Output directory already exists and looks like a QUAST output dir. Existing results can be reused (e.g. previously generated alignments)!

CWD: /gorilla/home/raha1670/genome_analysis
Main parameters: 
  MODE: default, threads: 1, min contig length: 500, min alignment length: 65, min alignment IDY: 95.0, \
  ambiguity: one, min local misassembly length: 200, min extensive misassembly length: 1000

Contigs:
  Pre-processing...
  /home/raha1670/genome_analysis/analysis/01_genomeAssembly/E_faecium_SPAdes_20260415_121016/scaffolds.fasta ==> scaffolds

2026-04-15 13:52:36
Running Basic statistics processor...
  Contig files: 
    scaffolds
  Calculating N50 and L50...
    scaffolds, N50 = 62711, L50 = 15, auN = 73381.1, Total length = 3080585, GC % = 37.67, # N's per 100 kbp =  496.95
  Drawing Nx plot...
    saved to /home/raha1670/genome_analysis/analysis/02_genomeEvaluation/quast_spades/E_faecium_SPAdes_20260415_121016/basic_stats/Nx_plot.pdf
  Drawing cumulative plot...
    saved to /home/raha1670/genome_analysis/analysis/02_genomeEvaluation/quast_spades/E_faecium_SPAdes_20260415_121016/basic_stats/cumulative_plot.pdf
  Drawing GC content plot...
    saved to /home/raha1670/genome_analysis/analysis/02_genomeEvaluation/quast_spades/E_faecium_SPAdes_20260415_121016/basic_stats/GC_content_plot.pdf
  Drawing scaffolds GC content plot...
    saved to /home/raha1670/genome_analysis/analysis/02_genomeEvaluation/quast_spades/E_faecium_SPAdes_20260415_121016/basic_stats/scaffolds_GC_content_plot.pdf
  Drawing Coverage histogram (bin size: 20x)...
    saved to /home/raha1670/genome_analysis/analysis/02_genomeEvaluation/quast_spades/E_faecium_SPAdes_20260415_121016/basic_stats/coverage_histogram.pdf
  Drawing scaffolds coverage histogram (bin size: 20x)...
    saved to /home/raha1670/genome_analysis/analysis/02_genomeEvaluation/quast_spades/E_faecium_SPAdes_20260415_121016/basic_stats/scaffolds_coverage_histogram.pdf
Done.

2026-04-15 13:52:37
Running GeneMarkS...
  scaffolds

WARNING: License period for GeneMark has ended! 
To update license, please visit http://exon.gatech.edu/GeneMark/license_download.cgi page and fill in the form.
You should choose GeneMarkS tool and your operating system (note that GeneMark is free for non-commercial use).
Download the license key and replace your ~/.gm_key with the updated version. After that you can restart QUAST.


NOTICE: Genes are not predicted by default. Use --gene-finding or --glimmer option to enable it.

2026-04-15 13:52:37
Creating large visual summaries...
This may take a while: press Ctrl-C to skip this step..
  1 of 2: Creating PDF with all tables and plots...
  2 of 2: Creating Icarus viewers...
Done

2026-04-15 13:52:37
RESULTS:
  Text versions of total report are saved to /home/raha1670/genome_analysis/analysis/02_genomeEvaluation/quast_spades/E_faecium_SPAdes_20260415_121016/report.txt, report.tsv, and report.tex
  Text versions of transposed total report are saved to /home/raha1670/genome_analysis/analysis/02_genomeEvaluation/quast_spades/E_faecium_SPAdes_20260415_121016/transposed_report.txt, transposed_report.tsv, and transposed_report.tex
  HTML version (interactive tables and plots) is saved to /home/raha1670/genome_analysis/analysis/02_genomeEvaluation/quast_spades/E_faecium_SPAdes_20260415_121016/report.html
  PDF version (tables and plots) is saved to /home/raha1670/genome_analysis/analysis/02_genomeEvaluation/quast_spades/E_faecium_SPAdes_20260415_121016/report.pdf
  Icarus (contig browser) is saved to /home/raha1670/genome_analysis/analysis/02_genomeEvaluation/quast_spades/E_faecium_SPAdes_20260415_121016/icarus.html
  Log is saved to /home/raha1670/genome_analysis/analysis/02_genomeEvaluation/quast_spades/E_faecium_SPAdes_20260415_121016/quast.log

Finished: 2026-04-15 13:52:37
Elapsed time: 0:00:01.416298
NOTICEs: 2; WARNINGs: 1; non-fatal ERRORs: 0

Thank you for using QUAST!
Running: tar -czf /home/raha1670/genome_analysis/analysis/02_genomeEvaluation/quast_spades/E_faecium_SPAdes_20260415_121016_quast_spades_output.tar.gz -C /home/raha1670/genome_analysis/analysis/02_genomeEvaluation/quast_spades E_faecium_SPAdes_20260415_121016
