
Currently Loaded Modules:
  1) GCCcore/13.3.0                      8) libdeflate/1.20-GCCcore-13.3.0
  2) zlib/1.3.1-GCCcore-13.3.0           9) bzip2/1.0.8-GCCcore-13.3.0
  3) binutils/2.42-GCCcore-13.3.0       10) XZ/5.4.5-GCCcore-13.3.0
  4) GCC/13.3.0                         11) OpenSSL/3
  5) safestringlib/20240228-GCC-13.3.0  12) cURL/8.7.1-GCCcore-13.3.0
  6) bwa-mem2/2.3-GCC-13.3.0            13) SAMtools/1.22.1-GCC-13.3.0
  7) ncurses/6.5-GCCcore-13.3.0

 

Pre-run diagnostics:
  HOME: /home/raha1670
  REPO_DIR: /home/raha1670/genome_analysis
  OUTDIR: /home/raha1670/genome_analysis/analysis/06_rnaAlign/canu
drwxr-sr-x 2 raha1670 raha1670 1 May  6 23:35 /home/raha1670/genome_analysis/analysis/06_rnaAlign/canu
  Disk space:
172.18.177.1,172.18.177.2,172.18.177.3,172.18.177.4,172.18.177.5:/home 107374182400 75252252672 32121929728  71% /gorilla/home
=== RNA alignment run ===
Assembly mode : Canu
Assembly FASTA: /home/raha1670/genome_analysis/analysis/01_genomeAssembly/E_faecium_PacBio_20260415_114224/E_faecium_PacBio_20260415_114224.contigs.fasta
Output dir    : /home/raha1670/genome_analysis/analysis/06_rnaAlign/canu
Threads       : 2
Looking to launch executable "/sw/arch/eb/software/bwa-mem2/2.3-GCC-13.3.0/bin/bwa-mem2.avx512bw", simd = .avx512bw
Launching executable "/sw/arch/eb/software/bwa-mem2/2.3-GCC-13.3.0/bin/bwa-mem2.avx512bw"
[bwa_index] Pack FASTA... 0.01 sec
* Entering FMI_search
init ticks = 162174788
ref seq len = 6230068
binary seq ticks = 92172135
build suffix-array ticks = 859210853
ref_seq_len = 6230068
count = 0, 1937609, 3115034, 4292459, 6230068
BWT[3971241] = 4
CP_SHIFT = 6, CP_MASK = 63
sizeof CP_OCC = 64
pos: 778759, ref_seq_len__: 778758
max_occ_ind = 97344
build fm-index ticks = 268421725
Total time taken: 0.5302

=== Processing BH replicates ===
Aligning: ERR1797972 (BH condition)
  R1: /home/raha1670/genome_analysis/data/RNA-Seq_BH/raw/ERR1797972_1.fastq.gz
  R2: /home/raha1670/genome_analysis/data/RNA-Seq_BH/raw/ERR1797972_2.fastq.gz
  Step 1: Running bwa-mem2...
  SAM file size: 7.7G
  Step 2: Sorting and converting to BAM...
samtools sort: failed to read header from "/home/raha1670/genome_analysis/analysis/06_rnaAlign/canu/.tmp_ERR1797972.sam"
ERROR: samtools sort failed for ERR1797972
Aligning: ERR1797973 (BH condition)
  R1: /home/raha1670/genome_analysis/data/RNA-Seq_BH/raw/ERR1797973_1.fastq.gz
  R2: /home/raha1670/genome_analysis/data/RNA-Seq_BH/raw/ERR1797973_2.fastq.gz
  Step 1: Running bwa-mem2...
  SAM file size: 14G
  Step 2: Sorting and converting to BAM...
samtools sort: failed to read header from "/home/raha1670/genome_analysis/analysis/06_rnaAlign/canu/.tmp_ERR1797973.sam"
ERROR: samtools sort failed for ERR1797973
Aligning: ERR1797974 (BH condition)
  R1: /home/raha1670/genome_analysis/data/RNA-Seq_BH/raw/ERR1797974_1.fastq.gz
  R2: /home/raha1670/genome_analysis/data/RNA-Seq_BH/raw/ERR1797974_2.fastq.gz
  Step 1: Running bwa-mem2...
  SAM file size: 14G
  Step 2: Sorting and converting to BAM...
samtools sort: failed to read header from "/home/raha1670/genome_analysis/analysis/06_rnaAlign/canu/.tmp_ERR1797974.sam"
ERROR: samtools sort failed for ERR1797974

=== Processing Serum replicates ===
Aligning: ERR1797969 (Serum condition)
  R1: /home/raha1670/genome_analysis/data/RNA-Seq_Serum/raw/ERR1797969_1.fastq.gz
  R2: /home/raha1670/genome_analysis/data/RNA-Seq_Serum/raw/ERR1797969_2.fastq.gz
  Step 1: Running bwa-mem2...
[2026-05-07T00:23:56.439] error: *** JOB 5264480 ON p95 CANCELLED AT 2026-05-07T00:23:56 DUE to SIGNAL Terminated ***
