Selected assembly FASTA: /home/raha1670/genome_analysis/analysis/01_genomeAssembly/E_faecium_PacBio_20260415_114224/E_faecium_PacBio_20260415_114224.contigs.fasta
Evaluation run prefix: E_faecium_PacBio_20260415_114224
Output directory: /home/raha1670/genome_analysis/analysis/02_genomeEvaluation/quast_canu/E_faecium_PacBio_20260415_114224
Running: quast.py /home/raha1670/genome_analysis/analysis/01_genomeAssembly/E_faecium_PacBio_20260415_114224/E_faecium_PacBio_20260415_114224.contigs.fasta --threads 1 --output-dir /home/raha1670/genome_analysis/analysis/02_genomeEvaluation/quast_canu/E_faecium_PacBio_20260415_114224 --k-mer-stats
/sw/arch/eb/software/QUAST/5.3.0-gfbf-2024a/bin/quast.py /home/raha1670/genome_analysis/analysis/01_genomeAssembly/E_faecium_PacBio_20260415_114224/E_faecium_PacBio_20260415_114224.contigs.fasta --threads 1 --output-dir /home/raha1670/genome_analysis/analysis/02_genomeEvaluation/quast_canu/E_faecium_PacBio_20260415_114224 --k-mer-stats

Version: 5.3.0

System information:
  OS: Linux-5.14.0-611.41.1.el9_7.x86_64-x86_64-with-glibc2.34 (linux_64)
  Python version: 3.12.3
  CPUs number: 96

Started: 2026-04-15 13:37:09

Logging to /home/raha1670/genome_analysis/analysis/02_genomeEvaluation/quast_canu/E_faecium_PacBio_20260415_114224/quast.log

CWD: /gorilla/home/raha1670/genome_analysis
Main parameters: 
  MODE: default, threads: 1, min contig length: 500, min alignment length: 65, min alignment IDY: 95.0, \
  ambiguity: one, min local misassembly length: 200, min extensive misassembly length: 1000

Contigs:
  Pre-processing...
  /home/raha1670/genome_analysis/analysis/01_genomeAssembly/E_faecium_PacBio_20260415_114224/E_faecium_PacBio_20260415_114224.contigs.fasta ==> E_faecium_PacBio_20260415_114224.contigs

2026-04-15 13:37:09
Running Basic statistics processor...
  Contig files: 
    E_faecium_PacBio_20260415_114224.contigs
  Calculating N50 and L50...
    E_faecium_PacBio_20260415_114224.contigs, N50 = 2762475, L50 = 1, auN = 2463767.4, Total length = 3115034, GC % = 37.80, # N's per 100 kbp =  0.00
  Drawing Nx plot...
    saved to /home/raha1670/genome_analysis/analysis/02_genomeEvaluation/quast_canu/E_faecium_PacBio_20260415_114224/basic_stats/Nx_plot.pdf
  Drawing cumulative plot...
    saved to /home/raha1670/genome_analysis/analysis/02_genomeEvaluation/quast_canu/E_faecium_PacBio_20260415_114224/basic_stats/cumulative_plot.pdf
  Drawing GC content plot...
    saved to /home/raha1670/genome_analysis/analysis/02_genomeEvaluation/quast_canu/E_faecium_PacBio_20260415_114224/basic_stats/GC_content_plot.pdf
  Drawing E_faecium_PacBio_20260415_114224.contigs GC content plot...
    saved to /home/raha1670/genome_analysis/analysis/02_genomeEvaluation/quast_canu/E_faecium_PacBio_20260415_114224/basic_stats/E_faecium_PacBio_20260415_114224.contigs_GC_content_plot.pdf
Done.

NOTICE: Genes are not predicted by default. Use --gene-finding or --glimmer option to enable it.

2026-04-15 13:37:09
Creating large visual summaries...
This may take a while: press Ctrl-C to skip this step..
  1 of 2: Creating PDF with all tables and plots...
  2 of 2: Creating Icarus viewers...
Done

2026-04-15 13:37:10
RESULTS:
  Text versions of total report are saved to /home/raha1670/genome_analysis/analysis/02_genomeEvaluation/quast_canu/E_faecium_PacBio_20260415_114224/report.txt, report.tsv, and report.tex
  Text versions of transposed total report are saved to /home/raha1670/genome_analysis/analysis/02_genomeEvaluation/quast_canu/E_faecium_PacBio_20260415_114224/transposed_report.txt, transposed_report.tsv, and transposed_report.tex
  HTML version (interactive tables and plots) is saved to /home/raha1670/genome_analysis/analysis/02_genomeEvaluation/quast_canu/E_faecium_PacBio_20260415_114224/report.html
  PDF version (tables and plots) is saved to /home/raha1670/genome_analysis/analysis/02_genomeEvaluation/quast_canu/E_faecium_PacBio_20260415_114224/report.pdf
  Icarus (contig browser) is saved to /home/raha1670/genome_analysis/analysis/02_genomeEvaluation/quast_canu/E_faecium_PacBio_20260415_114224/icarus.html
  Log is saved to /home/raha1670/genome_analysis/analysis/02_genomeEvaluation/quast_canu/E_faecium_PacBio_20260415_114224/quast.log

Finished: 2026-04-15 13:37:10
Elapsed time: 0:00:01.035722
NOTICEs: 1; WARNINGs: 0; non-fatal ERRORs: 0

Thank you for using QUAST!
Running: tar -czf /home/raha1670/genome_analysis/analysis/02_genomeEvaluation/quast_canu/E_faecium_PacBio_20260415_114224_quast_canu_output.tar.gz -C /home/raha1670/genome_analysis/analysis/02_genomeEvaluation/quast_canu E_faecium_PacBio_20260415_114224
