
=== Processing BH - ERR1797972 ===
  Pre-trimming QC...
application/gzip
Started analysis of BH_ERR1797972_1.fastq.gz
application/gzip
Approx 5% complete for BH_ERR1797972_1.fastq.gz
Approx 10% complete for BH_ERR1797972_1.fastq.gz
Approx 15% complete for BH_ERR1797972_1.fastq.gz
Approx 20% complete for BH_ERR1797972_1.fastq.gz
Approx 25% complete for BH_ERR1797972_1.fastq.gz
Approx 30% complete for BH_ERR1797972_1.fastq.gz
Approx 35% complete for BH_ERR1797972_1.fastq.gz
Approx 40% complete for BH_ERR1797972_1.fastq.gz
Approx 45% complete for BH_ERR1797972_1.fastq.gz
Approx 50% complete for BH_ERR1797972_1.fastq.gz
Approx 55% complete for BH_ERR1797972_1.fastq.gz
Approx 60% complete for BH_ERR1797972_1.fastq.gz
Approx 65% complete for BH_ERR1797972_1.fastq.gz
Approx 70% complete for BH_ERR1797972_1.fastq.gz
Approx 75% complete for BH_ERR1797972_1.fastq.gz
Approx 80% complete for BH_ERR1797972_1.fastq.gz
Approx 85% complete for BH_ERR1797972_1.fastq.gz
Approx 90% complete for BH_ERR1797972_1.fastq.gz
Approx 95% complete for BH_ERR1797972_1.fastq.gz
Analysis complete for BH_ERR1797972_1.fastq.gz
Started analysis of BH_ERR1797972_2.fastq.gz
Approx 5% complete for BH_ERR1797972_2.fastq.gz
Approx 10% complete for BH_ERR1797972_2.fastq.gz
Approx 15% complete for BH_ERR1797972_2.fastq.gz
Approx 20% complete for BH_ERR1797972_2.fastq.gz
Approx 25% complete for BH_ERR1797972_2.fastq.gz
Approx 30% complete for BH_ERR1797972_2.fastq.gz
Approx 35% complete for BH_ERR1797972_2.fastq.gz
Approx 40% complete for BH_ERR1797972_2.fastq.gz
Approx 45% complete for BH_ERR1797972_2.fastq.gz
Approx 50% complete for BH_ERR1797972_2.fastq.gz
Approx 55% complete for BH_ERR1797972_2.fastq.gz
Approx 60% complete for BH_ERR1797972_2.fastq.gz
Approx 65% complete for BH_ERR1797972_2.fastq.gz
Approx 70% complete for BH_ERR1797972_2.fastq.gz
Approx 75% complete for BH_ERR1797972_2.fastq.gz
Approx 80% complete for BH_ERR1797972_2.fastq.gz
Approx 85% complete for BH_ERR1797972_2.fastq.gz
Approx 90% complete for BH_ERR1797972_2.fastq.gz
Approx 95% complete for BH_ERR1797972_2.fastq.gz
Analysis complete for BH_ERR1797972_2.fastq.gz
  Trimming...
TrimmomaticPE: Started with arguments:
 -threads 1 -phred33 /scratch/rna_fastqc_trim_5522059/input/BH_ERR1797972_1.fastq.gz /scratch/rna_fastqc_trim_5522059/input/BH_ERR1797972_2.fastq.gz /scratch/rna_fastqc_trim_5522059/output/BH_ERR1797972_R1.paired.fastq /scratch/rna_fastqc_trim_5522059/output/BH_ERR1797972_R1.unpaired.fastq /scratch/rna_fastqc_trim_5522059/output/BH_ERR1797972_R2.paired.fastq /scratch/rna_fastqc_trim_5522059/output/BH_ERR1797972_R2.unpaired.fastq ILLUMINACLIP:/sw/arch/eb/software/Trimmomatic/0.39-Java-17/adapters/TruSeq3-PE.fa:2:30:10 LEADING:3 TRAILING:3 SLIDINGWINDOW:4:15 MINLEN:36
Using PrefixPair: 'TACACTCTTTCCCTACACGACGCTCTTCCGATCT' and 'GTGACTGGAGTTCAGACGTGTGCTCTTCCGATCT'
ILLUMINACLIP: Using 1 prefix pairs, 0 forward/reverse sequences, 0 forward only sequences, 0 reverse only sequences
Input Read Pairs: 27078884 Both Surviving: 13896690 (51.32%) Forward Only Surviving: 11776428 (43.49%) Reverse Only Surviving: 48559 (0.18%) Dropped: 1357207 (5.01%)
TrimmomaticPE: Completed successfully
  Post-trimming QC...
application/gzip
application/gzip
Started analysis of BH_ERR1797972_R1.paired.fastq.gz
Approx 5% complete for BH_ERR1797972_R1.paired.fastq.gz
Approx 10% complete for BH_ERR1797972_R1.paired.fastq.gz
Approx 15% complete for BH_ERR1797972_R1.paired.fastq.gz
Approx 20% complete for BH_ERR1797972_R1.paired.fastq.gz
Approx 25% complete for BH_ERR1797972_R1.paired.fastq.gz
Approx 30% complete for BH_ERR1797972_R1.paired.fastq.gz
Approx 35% complete for BH_ERR1797972_R1.paired.fastq.gz
Approx 40% complete for BH_ERR1797972_R1.paired.fastq.gz
Approx 45% complete for BH_ERR1797972_R1.paired.fastq.gz
Approx 50% complete for BH_ERR1797972_R1.paired.fastq.gz
Approx 55% complete for BH_ERR1797972_R1.paired.fastq.gz
Approx 60% complete for BH_ERR1797972_R1.paired.fastq.gz
Approx 65% complete for BH_ERR1797972_R1.paired.fastq.gz
Approx 70% complete for BH_ERR1797972_R1.paired.fastq.gz
Approx 75% complete for BH_ERR1797972_R1.paired.fastq.gz
Approx 80% complete for BH_ERR1797972_R1.paired.fastq.gz
Approx 85% complete for BH_ERR1797972_R1.paired.fastq.gz
Approx 90% complete for BH_ERR1797972_R1.paired.fastq.gz
Approx 95% complete for BH_ERR1797972_R1.paired.fastq.gz
Analysis complete for BH_ERR1797972_R1.paired.fastq.gz
Started analysis of BH_ERR1797972_R2.paired.fastq.gz
Approx 5% complete for BH_ERR1797972_R2.paired.fastq.gz
Approx 10% complete for BH_ERR1797972_R2.paired.fastq.gz
Approx 15% complete for BH_ERR1797972_R2.paired.fastq.gz
Approx 20% complete for BH_ERR1797972_R2.paired.fastq.gz
Approx 25% complete for BH_ERR1797972_R2.paired.fastq.gz
Approx 30% complete for BH_ERR1797972_R2.paired.fastq.gz
Approx 35% complete for BH_ERR1797972_R2.paired.fastq.gz
Approx 40% complete for BH_ERR1797972_R2.paired.fastq.gz
Approx 45% complete for BH_ERR1797972_R2.paired.fastq.gz
Approx 50% complete for BH_ERR1797972_R2.paired.fastq.gz
Approx 55% complete for BH_ERR1797972_R2.paired.fastq.gz
Approx 60% complete for BH_ERR1797972_R2.paired.fastq.gz
Approx 65% complete for BH_ERR1797972_R2.paired.fastq.gz
Approx 70% complete for BH_ERR1797972_R2.paired.fastq.gz
Approx 75% complete for BH_ERR1797972_R2.paired.fastq.gz
Approx 80% complete for BH_ERR1797972_R2.paired.fastq.gz
Approx 85% complete for BH_ERR1797972_R2.paired.fastq.gz
Approx 90% complete for BH_ERR1797972_R2.paired.fastq.gz
Approx 95% complete for BH_ERR1797972_R2.paired.fastq.gz
Analysis complete for BH_ERR1797972_R2.paired.fastq.gz
  ✓ Created trimmed FASTQs and FastQC reports in local storage

=== Processing BH - ERR1797973 ===
  Pre-trimming QC...
application/gzip
application/gzip
Started analysis of BH_ERR1797973_1.fastq.gz
Approx 5% complete for BH_ERR1797973_1.fastq.gz
Approx 10% complete for BH_ERR1797973_1.fastq.gz
Approx 15% complete for BH_ERR1797973_1.fastq.gz
Approx 20% complete for BH_ERR1797973_1.fastq.gz
Approx 25% complete for BH_ERR1797973_1.fastq.gz
Approx 30% complete for BH_ERR1797973_1.fastq.gz
Approx 35% complete for BH_ERR1797973_1.fastq.gz
Approx 40% complete for BH_ERR1797973_1.fastq.gz
Approx 45% complete for BH_ERR1797973_1.fastq.gz
Approx 50% complete for BH_ERR1797973_1.fastq.gz
Approx 55% complete for BH_ERR1797973_1.fastq.gz
Approx 60% complete for BH_ERR1797973_1.fastq.gz
Approx 65% complete for BH_ERR1797973_1.fastq.gz
Approx 70% complete for BH_ERR1797973_1.fastq.gz
Approx 75% complete for BH_ERR1797973_1.fastq.gz
Approx 80% complete for BH_ERR1797973_1.fastq.gz
Approx 85% complete for BH_ERR1797973_1.fastq.gz
Approx 90% complete for BH_ERR1797973_1.fastq.gz
Approx 95% complete for BH_ERR1797973_1.fastq.gz
Analysis complete for BH_ERR1797973_1.fastq.gz
Started analysis of BH_ERR1797973_2.fastq.gz
Approx 5% complete for BH_ERR1797973_2.fastq.gz
Approx 10% complete for BH_ERR1797973_2.fastq.gz
Approx 15% complete for BH_ERR1797973_2.fastq.gz
Approx 20% complete for BH_ERR1797973_2.fastq.gz
Approx 25% complete for BH_ERR1797973_2.fastq.gz
Approx 30% complete for BH_ERR1797973_2.fastq.gz
Approx 35% complete for BH_ERR1797973_2.fastq.gz
Approx 40% complete for BH_ERR1797973_2.fastq.gz
Approx 45% complete for BH_ERR1797973_2.fastq.gz
Approx 50% complete for BH_ERR1797973_2.fastq.gz
Approx 55% complete for BH_ERR1797973_2.fastq.gz
Approx 60% complete for BH_ERR1797973_2.fastq.gz
Approx 65% complete for BH_ERR1797973_2.fastq.gz
Approx 70% complete for BH_ERR1797973_2.fastq.gz
Approx 75% complete for BH_ERR1797973_2.fastq.gz
Approx 80% complete for BH_ERR1797973_2.fastq.gz
Approx 85% complete for BH_ERR1797973_2.fastq.gz
Approx 90% complete for BH_ERR1797973_2.fastq.gz
Approx 95% complete for BH_ERR1797973_2.fastq.gz
Analysis complete for BH_ERR1797973_2.fastq.gz
  Trimming...
TrimmomaticPE: Started with arguments:
 -threads 1 -phred33 /scratch/rna_fastqc_trim_5522059/input/BH_ERR1797973_1.fastq.gz /scratch/rna_fastqc_trim_5522059/input/BH_ERR1797973_2.fastq.gz /scratch/rna_fastqc_trim_5522059/output/BH_ERR1797973_R1.paired.fastq /scratch/rna_fastqc_trim_5522059/output/BH_ERR1797973_R1.unpaired.fastq /scratch/rna_fastqc_trim_5522059/output/BH_ERR1797973_R2.paired.fastq /scratch/rna_fastqc_trim_5522059/output/BH_ERR1797973_R2.unpaired.fastq ILLUMINACLIP:/sw/arch/eb/software/Trimmomatic/0.39-Java-17/adapters/TruSeq3-PE.fa:2:30:10 LEADING:3 TRAILING:3 SLIDINGWINDOW:4:15 MINLEN:36
Using PrefixPair: 'TACACTCTTTCCCTACACGACGCTCTTCCGATCT' and 'GTGACTGGAGTTCAGACGTGTGCTCTTCCGATCT'
ILLUMINACLIP: Using 1 prefix pairs, 0 forward/reverse sequences, 0 forward only sequences, 0 reverse only sequences
Input Read Pairs: 23953340 Both Surviving: 13831750 (57.74%) Forward Only Surviving: 9150880 (38.20%) Reverse Only Surviving: 47394 (0.20%) Dropped: 923316 (3.85%)
TrimmomaticPE: Completed successfully
  Post-trimming QC...
application/gzip
application/gzip
Started analysis of BH_ERR1797973_R1.paired.fastq.gz
Approx 5% complete for BH_ERR1797973_R1.paired.fastq.gz
Approx 10% complete for BH_ERR1797973_R1.paired.fastq.gz
Approx 15% complete for BH_ERR1797973_R1.paired.fastq.gz
Approx 20% complete for BH_ERR1797973_R1.paired.fastq.gz
Approx 25% complete for BH_ERR1797973_R1.paired.fastq.gz
Approx 30% complete for BH_ERR1797973_R1.paired.fastq.gz
Approx 35% complete for BH_ERR1797973_R1.paired.fastq.gz
Approx 40% complete for BH_ERR1797973_R1.paired.fastq.gz
Approx 45% complete for BH_ERR1797973_R1.paired.fastq.gz
Approx 50% complete for BH_ERR1797973_R1.paired.fastq.gz
Approx 55% complete for BH_ERR1797973_R1.paired.fastq.gz
Approx 60% complete for BH_ERR1797973_R1.paired.fastq.gz
Approx 65% complete for BH_ERR1797973_R1.paired.fastq.gz
Approx 70% complete for BH_ERR1797973_R1.paired.fastq.gz
Approx 75% complete for BH_ERR1797973_R1.paired.fastq.gz
Approx 80% complete for BH_ERR1797973_R1.paired.fastq.gz
Approx 85% complete for BH_ERR1797973_R1.paired.fastq.gz
Approx 90% complete for BH_ERR1797973_R1.paired.fastq.gz
Approx 95% complete for BH_ERR1797973_R1.paired.fastq.gz
Analysis complete for BH_ERR1797973_R1.paired.fastq.gz
Started analysis of BH_ERR1797973_R2.paired.fastq.gz
Approx 5% complete for BH_ERR1797973_R2.paired.fastq.gz
Approx 10% complete for BH_ERR1797973_R2.paired.fastq.gz
Approx 15% complete for BH_ERR1797973_R2.paired.fastq.gz
Approx 20% complete for BH_ERR1797973_R2.paired.fastq.gz
Approx 25% complete for BH_ERR1797973_R2.paired.fastq.gz
Approx 30% complete for BH_ERR1797973_R2.paired.fastq.gz
Approx 35% complete for BH_ERR1797973_R2.paired.fastq.gz
Approx 40% complete for BH_ERR1797973_R2.paired.fastq.gz
Approx 45% complete for BH_ERR1797973_R2.paired.fastq.gz
Approx 50% complete for BH_ERR1797973_R2.paired.fastq.gz
Approx 55% complete for BH_ERR1797973_R2.paired.fastq.gz
Approx 60% complete for BH_ERR1797973_R2.paired.fastq.gz
Approx 65% complete for BH_ERR1797973_R2.paired.fastq.gz
Approx 70% complete for BH_ERR1797973_R2.paired.fastq.gz
Approx 75% complete for BH_ERR1797973_R2.paired.fastq.gz
Approx 80% complete for BH_ERR1797973_R2.paired.fastq.gz
Approx 85% complete for BH_ERR1797973_R2.paired.fastq.gz
Approx 90% complete for BH_ERR1797973_R2.paired.fastq.gz
Approx 95% complete for BH_ERR1797973_R2.paired.fastq.gz
Analysis complete for BH_ERR1797973_R2.paired.fastq.gz
  ✓ Created trimmed FASTQs and FastQC reports in local storage

=== Processing BH - ERR1797974 ===
  Pre-trimming QC...
application/gzip
application/gzip
Started analysis of BH_ERR1797974_1.fastq.gz
Approx 5% complete for BH_ERR1797974_1.fastq.gz
Approx 10% complete for BH_ERR1797974_1.fastq.gz
Approx 15% complete for BH_ERR1797974_1.fastq.gz
Approx 20% complete for BH_ERR1797974_1.fastq.gz
Approx 25% complete for BH_ERR1797974_1.fastq.gz
Approx 30% complete for BH_ERR1797974_1.fastq.gz
Approx 35% complete for BH_ERR1797974_1.fastq.gz
Approx 40% complete for BH_ERR1797974_1.fastq.gz
Approx 45% complete for BH_ERR1797974_1.fastq.gz
Approx 50% complete for BH_ERR1797974_1.fastq.gz
Approx 55% complete for BH_ERR1797974_1.fastq.gz
Approx 60% complete for BH_ERR1797974_1.fastq.gz
Approx 65% complete for BH_ERR1797974_1.fastq.gz
Approx 70% complete for BH_ERR1797974_1.fastq.gz
Approx 75% complete for BH_ERR1797974_1.fastq.gz
Approx 80% complete for BH_ERR1797974_1.fastq.gz
Approx 85% complete for BH_ERR1797974_1.fastq.gz
Approx 90% complete for BH_ERR1797974_1.fastq.gz
Approx 95% complete for BH_ERR1797974_1.fastq.gz
Analysis complete for BH_ERR1797974_1.fastq.gz
Started analysis of BH_ERR1797974_2.fastq.gz
Approx 5% complete for BH_ERR1797974_2.fastq.gz
Approx 10% complete for BH_ERR1797974_2.fastq.gz
Approx 15% complete for BH_ERR1797974_2.fastq.gz
Approx 20% complete for BH_ERR1797974_2.fastq.gz
Approx 25% complete for BH_ERR1797974_2.fastq.gz
Approx 30% complete for BH_ERR1797974_2.fastq.gz
Approx 35% complete for BH_ERR1797974_2.fastq.gz
Approx 40% complete for BH_ERR1797974_2.fastq.gz
Approx 45% complete for BH_ERR1797974_2.fastq.gz
Approx 50% complete for BH_ERR1797974_2.fastq.gz
Approx 55% complete for BH_ERR1797974_2.fastq.gz
Approx 60% complete for BH_ERR1797974_2.fastq.gz
Approx 65% complete for BH_ERR1797974_2.fastq.gz
Approx 70% complete for BH_ERR1797974_2.fastq.gz
Approx 75% complete for BH_ERR1797974_2.fastq.gz
Approx 80% complete for BH_ERR1797974_2.fastq.gz
Approx 85% complete for BH_ERR1797974_2.fastq.gz
Approx 90% complete for BH_ERR1797974_2.fastq.gz
Approx 95% complete for BH_ERR1797974_2.fastq.gz
Analysis complete for BH_ERR1797974_2.fastq.gz
  Trimming...
TrimmomaticPE: Started with arguments:
 -threads 1 -phred33 /scratch/rna_fastqc_trim_5522059/input/BH_ERR1797974_1.fastq.gz /scratch/rna_fastqc_trim_5522059/input/BH_ERR1797974_2.fastq.gz /scratch/rna_fastqc_trim_5522059/output/BH_ERR1797974_R1.paired.fastq /scratch/rna_fastqc_trim_5522059/output/BH_ERR1797974_R1.unpaired.fastq /scratch/rna_fastqc_trim_5522059/output/BH_ERR1797974_R2.paired.fastq /scratch/rna_fastqc_trim_5522059/output/BH_ERR1797974_R2.unpaired.fastq ILLUMINACLIP:/sw/arch/eb/software/Trimmomatic/0.39-Java-17/adapters/TruSeq3-PE.fa:2:30:10 LEADING:3 TRAILING:3 SLIDINGWINDOW:4:15 MINLEN:36
Using PrefixPair: 'TACACTCTTTCCCTACACGACGCTCTTCCGATCT' and 'GTGACTGGAGTTCAGACGTGTGCTCTTCCGATCT'
ILLUMINACLIP: Using 1 prefix pairs, 0 forward/reverse sequences, 0 forward only sequences, 0 reverse only sequences
Input Read Pairs: 23240177 Both Surviving: 12544127 (53.98%) Forward Only Surviving: 9574381 (41.20%) Reverse Only Surviving: 41596 (0.18%) Dropped: 1080073 (4.65%)
TrimmomaticPE: Completed successfully
  Post-trimming QC...
application/gzip
Started analysis of BH_ERR1797974_R1.paired.fastq.gz
application/gzip
Approx 5% complete for BH_ERR1797974_R1.paired.fastq.gz
Approx 10% complete for BH_ERR1797974_R1.paired.fastq.gz
Approx 15% complete for BH_ERR1797974_R1.paired.fastq.gz
Approx 20% complete for BH_ERR1797974_R1.paired.fastq.gz
Approx 25% complete for BH_ERR1797974_R1.paired.fastq.gz
Approx 30% complete for BH_ERR1797974_R1.paired.fastq.gz
Approx 35% complete for BH_ERR1797974_R1.paired.fastq.gz
Approx 40% complete for BH_ERR1797974_R1.paired.fastq.gz
Approx 45% complete for BH_ERR1797974_R1.paired.fastq.gz
Approx 50% complete for BH_ERR1797974_R1.paired.fastq.gz
Approx 55% complete for BH_ERR1797974_R1.paired.fastq.gz
Approx 60% complete for BH_ERR1797974_R1.paired.fastq.gz
Approx 65% complete for BH_ERR1797974_R1.paired.fastq.gz
Approx 70% complete for BH_ERR1797974_R1.paired.fastq.gz
Approx 75% complete for BH_ERR1797974_R1.paired.fastq.gz
Approx 80% complete for BH_ERR1797974_R1.paired.fastq.gz
Approx 85% complete for BH_ERR1797974_R1.paired.fastq.gz
Approx 90% complete for BH_ERR1797974_R1.paired.fastq.gz
Approx 95% complete for BH_ERR1797974_R1.paired.fastq.gz
Analysis complete for BH_ERR1797974_R1.paired.fastq.gz
Started analysis of BH_ERR1797974_R2.paired.fastq.gz
Approx 5% complete for BH_ERR1797974_R2.paired.fastq.gz
Approx 10% complete for BH_ERR1797974_R2.paired.fastq.gz
Approx 15% complete for BH_ERR1797974_R2.paired.fastq.gz
Approx 20% complete for BH_ERR1797974_R2.paired.fastq.gz
Approx 25% complete for BH_ERR1797974_R2.paired.fastq.gz
Approx 30% complete for BH_ERR1797974_R2.paired.fastq.gz
Approx 35% complete for BH_ERR1797974_R2.paired.fastq.gz
Approx 40% complete for BH_ERR1797974_R2.paired.fastq.gz
Approx 45% complete for BH_ERR1797974_R2.paired.fastq.gz
Approx 50% complete for BH_ERR1797974_R2.paired.fastq.gz
Approx 55% complete for BH_ERR1797974_R2.paired.fastq.gz
Approx 60% complete for BH_ERR1797974_R2.paired.fastq.gz
Approx 65% complete for BH_ERR1797974_R2.paired.fastq.gz
Approx 70% complete for BH_ERR1797974_R2.paired.fastq.gz
Approx 75% complete for BH_ERR1797974_R2.paired.fastq.gz
Approx 80% complete for BH_ERR1797974_R2.paired.fastq.gz
Approx 85% complete for BH_ERR1797974_R2.paired.fastq.gz
Approx 90% complete for BH_ERR1797974_R2.paired.fastq.gz
Approx 95% complete for BH_ERR1797974_R2.paired.fastq.gz
Analysis complete for BH_ERR1797974_R2.paired.fastq.gz
  ✓ Created trimmed FASTQs and FastQC reports in local storage

=== Processing Serum - ERR1797969 ===
  Pre-trimming QC...
application/gzip
application/gzip
Started analysis of Serum_ERR1797969_1.fastq.gz
Approx 5% complete for Serum_ERR1797969_1.fastq.gz
Approx 10% complete for Serum_ERR1797969_1.fastq.gz
Approx 15% complete for Serum_ERR1797969_1.fastq.gz
Approx 20% complete for Serum_ERR1797969_1.fastq.gz
Approx 25% complete for Serum_ERR1797969_1.fastq.gz
Approx 30% complete for Serum_ERR1797969_1.fastq.gz
Approx 35% complete for Serum_ERR1797969_1.fastq.gz
Approx 40% complete for Serum_ERR1797969_1.fastq.gz
Approx 45% complete for Serum_ERR1797969_1.fastq.gz
Approx 50% complete for Serum_ERR1797969_1.fastq.gz
Approx 55% complete for Serum_ERR1797969_1.fastq.gz
Approx 60% complete for Serum_ERR1797969_1.fastq.gz
Approx 65% complete for Serum_ERR1797969_1.fastq.gz
Approx 70% complete for Serum_ERR1797969_1.fastq.gz
Approx 75% complete for Serum_ERR1797969_1.fastq.gz
Approx 80% complete for Serum_ERR1797969_1.fastq.gz
Approx 85% complete for Serum_ERR1797969_1.fastq.gz
Approx 90% complete for Serum_ERR1797969_1.fastq.gz
Approx 95% complete for Serum_ERR1797969_1.fastq.gz
Analysis complete for Serum_ERR1797969_1.fastq.gz
Started analysis of Serum_ERR1797969_2.fastq.gz
Approx 5% complete for Serum_ERR1797969_2.fastq.gz
Approx 10% complete for Serum_ERR1797969_2.fastq.gz
Approx 15% complete for Serum_ERR1797969_2.fastq.gz
Approx 20% complete for Serum_ERR1797969_2.fastq.gz
Approx 25% complete for Serum_ERR1797969_2.fastq.gz
Approx 30% complete for Serum_ERR1797969_2.fastq.gz
Approx 35% complete for Serum_ERR1797969_2.fastq.gz
Approx 40% complete for Serum_ERR1797969_2.fastq.gz
Approx 45% complete for Serum_ERR1797969_2.fastq.gz
Approx 50% complete for Serum_ERR1797969_2.fastq.gz
Approx 55% complete for Serum_ERR1797969_2.fastq.gz
Approx 60% complete for Serum_ERR1797969_2.fastq.gz
Approx 65% complete for Serum_ERR1797969_2.fastq.gz
Approx 70% complete for Serum_ERR1797969_2.fastq.gz
Approx 75% complete for Serum_ERR1797969_2.fastq.gz
Approx 80% complete for Serum_ERR1797969_2.fastq.gz
Approx 85% complete for Serum_ERR1797969_2.fastq.gz
Approx 90% complete for Serum_ERR1797969_2.fastq.gz
Approx 95% complete for Serum_ERR1797969_2.fastq.gz
Analysis complete for Serum_ERR1797969_2.fastq.gz
  Trimming...
TrimmomaticPE: Started with arguments:
 -threads 1 -phred33 /scratch/rna_fastqc_trim_5522059/input/Serum_ERR1797969_1.fastq.gz /scratch/rna_fastqc_trim_5522059/input/Serum_ERR1797969_2.fastq.gz /scratch/rna_fastqc_trim_5522059/output/Serum_ERR1797969_R1.paired.fastq /scratch/rna_fastqc_trim_5522059/output/Serum_ERR1797969_R1.unpaired.fastq /scratch/rna_fastqc_trim_5522059/output/Serum_ERR1797969_R2.paired.fastq /scratch/rna_fastqc_trim_5522059/output/Serum_ERR1797969_R2.unpaired.fastq ILLUMINACLIP:/sw/arch/eb/software/Trimmomatic/0.39-Java-17/adapters/TruSeq3-PE.fa:2:30:10 LEADING:3 TRAILING:3 SLIDINGWINDOW:4:15 MINLEN:36
Using PrefixPair: 'TACACTCTTTCCCTACACGACGCTCTTCCGATCT' and 'GTGACTGGAGTTCAGACGTGTGCTCTTCCGATCT'
ILLUMINACLIP: Using 1 prefix pairs, 0 forward/reverse sequences, 0 forward only sequences, 0 reverse only sequences
Input Read Pairs: 25937368 Both Surviving: 13206103 (50.92%) Forward Only Surviving: 11615499 (44.78%) Reverse Only Surviving: 45013 (0.17%) Dropped: 1070753 (4.13%)
TrimmomaticPE: Completed successfully
  Post-trimming QC...
application/gzip
Started analysis of Serum_ERR1797969_R1.paired.fastq.gz
application/gzip
Approx 5% complete for Serum_ERR1797969_R1.paired.fastq.gz
Approx 10% complete for Serum_ERR1797969_R1.paired.fastq.gz
Approx 15% complete for Serum_ERR1797969_R1.paired.fastq.gz
Approx 20% complete for Serum_ERR1797969_R1.paired.fastq.gz
Approx 25% complete for Serum_ERR1797969_R1.paired.fastq.gz
Approx 30% complete for Serum_ERR1797969_R1.paired.fastq.gz
Approx 35% complete for Serum_ERR1797969_R1.paired.fastq.gz
Approx 40% complete for Serum_ERR1797969_R1.paired.fastq.gz
Approx 45% complete for Serum_ERR1797969_R1.paired.fastq.gz
Approx 50% complete for Serum_ERR1797969_R1.paired.fastq.gz
Approx 55% complete for Serum_ERR1797969_R1.paired.fastq.gz
Approx 60% complete for Serum_ERR1797969_R1.paired.fastq.gz
Approx 65% complete for Serum_ERR1797969_R1.paired.fastq.gz
Approx 70% complete for Serum_ERR1797969_R1.paired.fastq.gz
Approx 75% complete for Serum_ERR1797969_R1.paired.fastq.gz
Approx 80% complete for Serum_ERR1797969_R1.paired.fastq.gz
Approx 85% complete for Serum_ERR1797969_R1.paired.fastq.gz
Approx 90% complete for Serum_ERR1797969_R1.paired.fastq.gz
Approx 95% complete for Serum_ERR1797969_R1.paired.fastq.gz
Analysis complete for Serum_ERR1797969_R1.paired.fastq.gz
Started analysis of Serum_ERR1797969_R2.paired.fastq.gz
Approx 5% complete for Serum_ERR1797969_R2.paired.fastq.gz
Approx 10% complete for Serum_ERR1797969_R2.paired.fastq.gz
Approx 15% complete for Serum_ERR1797969_R2.paired.fastq.gz
Approx 20% complete for Serum_ERR1797969_R2.paired.fastq.gz
Approx 25% complete for Serum_ERR1797969_R2.paired.fastq.gz
Approx 30% complete for Serum_ERR1797969_R2.paired.fastq.gz
Approx 35% complete for Serum_ERR1797969_R2.paired.fastq.gz
Approx 40% complete for Serum_ERR1797969_R2.paired.fastq.gz
Approx 45% complete for Serum_ERR1797969_R2.paired.fastq.gz
Approx 50% complete for Serum_ERR1797969_R2.paired.fastq.gz
Approx 55% complete for Serum_ERR1797969_R2.paired.fastq.gz
Approx 60% complete for Serum_ERR1797969_R2.paired.fastq.gz
Approx 65% complete for Serum_ERR1797969_R2.paired.fastq.gz
Approx 70% complete for Serum_ERR1797969_R2.paired.fastq.gz
Approx 75% complete for Serum_ERR1797969_R2.paired.fastq.gz
Approx 80% complete for Serum_ERR1797969_R2.paired.fastq.gz
Approx 85% complete for Serum_ERR1797969_R2.paired.fastq.gz
Approx 90% complete for Serum_ERR1797969_R2.paired.fastq.gz
Approx 95% complete for Serum_ERR1797969_R2.paired.fastq.gz
Analysis complete for Serum_ERR1797969_R2.paired.fastq.gz
  ✓ Created trimmed FASTQs and FastQC reports in local storage

=== Processing Serum - ERR1797970 ===
  Pre-trimming QC...
application/gzip
application/gzip
Started analysis of Serum_ERR1797970_1.fastq.gz
Approx 5% complete for Serum_ERR1797970_1.fastq.gz
Approx 10% complete for Serum_ERR1797970_1.fastq.gz
Approx 15% complete for Serum_ERR1797970_1.fastq.gz
Approx 20% complete for Serum_ERR1797970_1.fastq.gz
Approx 25% complete for Serum_ERR1797970_1.fastq.gz
Approx 30% complete for Serum_ERR1797970_1.fastq.gz
Approx 35% complete for Serum_ERR1797970_1.fastq.gz
Approx 40% complete for Serum_ERR1797970_1.fastq.gz
Approx 45% complete for Serum_ERR1797970_1.fastq.gz
Approx 50% complete for Serum_ERR1797970_1.fastq.gz
Approx 55% complete for Serum_ERR1797970_1.fastq.gz
Approx 60% complete for Serum_ERR1797970_1.fastq.gz
Approx 65% complete for Serum_ERR1797970_1.fastq.gz
Approx 70% complete for Serum_ERR1797970_1.fastq.gz
Approx 75% complete for Serum_ERR1797970_1.fastq.gz
Approx 80% complete for Serum_ERR1797970_1.fastq.gz
Approx 85% complete for Serum_ERR1797970_1.fastq.gz
Approx 90% complete for Serum_ERR1797970_1.fastq.gz
Approx 95% complete for Serum_ERR1797970_1.fastq.gz
Analysis complete for Serum_ERR1797970_1.fastq.gz
Started analysis of Serum_ERR1797970_2.fastq.gz
Approx 5% complete for Serum_ERR1797970_2.fastq.gz
Approx 10% complete for Serum_ERR1797970_2.fastq.gz
Approx 15% complete for Serum_ERR1797970_2.fastq.gz
Approx 20% complete for Serum_ERR1797970_2.fastq.gz
Approx 25% complete for Serum_ERR1797970_2.fastq.gz
Approx 30% complete for Serum_ERR1797970_2.fastq.gz
Approx 35% complete for Serum_ERR1797970_2.fastq.gz
Approx 40% complete for Serum_ERR1797970_2.fastq.gz
Approx 45% complete for Serum_ERR1797970_2.fastq.gz
Approx 50% complete for Serum_ERR1797970_2.fastq.gz
Approx 55% complete for Serum_ERR1797970_2.fastq.gz
Approx 60% complete for Serum_ERR1797970_2.fastq.gz
Approx 65% complete for Serum_ERR1797970_2.fastq.gz
Approx 70% complete for Serum_ERR1797970_2.fastq.gz
Approx 75% complete for Serum_ERR1797970_2.fastq.gz
Approx 80% complete for Serum_ERR1797970_2.fastq.gz
Approx 85% complete for Serum_ERR1797970_2.fastq.gz
Approx 90% complete for Serum_ERR1797970_2.fastq.gz
Approx 95% complete for Serum_ERR1797970_2.fastq.gz
Analysis complete for Serum_ERR1797970_2.fastq.gz
  Trimming...
TrimmomaticPE: Started with arguments:
 -threads 1 -phred33 /scratch/rna_fastqc_trim_5522059/input/Serum_ERR1797970_1.fastq.gz /scratch/rna_fastqc_trim_5522059/input/Serum_ERR1797970_2.fastq.gz /scratch/rna_fastqc_trim_5522059/output/Serum_ERR1797970_R1.paired.fastq /scratch/rna_fastqc_trim_5522059/output/Serum_ERR1797970_R1.unpaired.fastq /scratch/rna_fastqc_trim_5522059/output/Serum_ERR1797970_R2.paired.fastq /scratch/rna_fastqc_trim_5522059/output/Serum_ERR1797970_R2.unpaired.fastq ILLUMINACLIP:/sw/arch/eb/software/Trimmomatic/0.39-Java-17/adapters/TruSeq3-PE.fa:2:30:10 LEADING:3 TRAILING:3 SLIDINGWINDOW:4:15 MINLEN:36
Using PrefixPair: 'TACACTCTTTCCCTACACGACGCTCTTCCGATCT' and 'GTGACTGGAGTTCAGACGTGTGCTCTTCCGATCT'
ILLUMINACLIP: Using 1 prefix pairs, 0 forward/reverse sequences, 0 forward only sequences, 0 reverse only sequences
Input Read Pairs: 26634380 Both Surviving: 14843614 (55.73%) Forward Only Surviving: 10530060 (39.54%) Reverse Only Surviving: 49898 (0.19%) Dropped: 1210808 (4.55%)
TrimmomaticPE: Completed successfully
  Post-trimming QC...
application/gzip
application/gzip
Started analysis of Serum_ERR1797970_R1.paired.fastq.gz
Approx 5% complete for Serum_ERR1797970_R1.paired.fastq.gz
Approx 10% complete for Serum_ERR1797970_R1.paired.fastq.gz
Approx 15% complete for Serum_ERR1797970_R1.paired.fastq.gz
Approx 20% complete for Serum_ERR1797970_R1.paired.fastq.gz
Approx 25% complete for Serum_ERR1797970_R1.paired.fastq.gz
Approx 30% complete for Serum_ERR1797970_R1.paired.fastq.gz
Approx 35% complete for Serum_ERR1797970_R1.paired.fastq.gz
Approx 40% complete for Serum_ERR1797970_R1.paired.fastq.gz
Approx 45% complete for Serum_ERR1797970_R1.paired.fastq.gz
Approx 50% complete for Serum_ERR1797970_R1.paired.fastq.gz
Approx 55% complete for Serum_ERR1797970_R1.paired.fastq.gz
Approx 60% complete for Serum_ERR1797970_R1.paired.fastq.gz
Approx 65% complete for Serum_ERR1797970_R1.paired.fastq.gz
Approx 70% complete for Serum_ERR1797970_R1.paired.fastq.gz
Approx 75% complete for Serum_ERR1797970_R1.paired.fastq.gz
Approx 80% complete for Serum_ERR1797970_R1.paired.fastq.gz
Approx 85% complete for Serum_ERR1797970_R1.paired.fastq.gz
Approx 90% complete for Serum_ERR1797970_R1.paired.fastq.gz
Approx 95% complete for Serum_ERR1797970_R1.paired.fastq.gz
Analysis complete for Serum_ERR1797970_R1.paired.fastq.gz
Started analysis of Serum_ERR1797970_R2.paired.fastq.gz
Approx 5% complete for Serum_ERR1797970_R2.paired.fastq.gz
Approx 10% complete for Serum_ERR1797970_R2.paired.fastq.gz
Approx 15% complete for Serum_ERR1797970_R2.paired.fastq.gz
Approx 20% complete for Serum_ERR1797970_R2.paired.fastq.gz
Approx 25% complete for Serum_ERR1797970_R2.paired.fastq.gz
Approx 30% complete for Serum_ERR1797970_R2.paired.fastq.gz
Approx 35% complete for Serum_ERR1797970_R2.paired.fastq.gz
Approx 40% complete for Serum_ERR1797970_R2.paired.fastq.gz
Approx 45% complete for Serum_ERR1797970_R2.paired.fastq.gz
Approx 50% complete for Serum_ERR1797970_R2.paired.fastq.gz
Approx 55% complete for Serum_ERR1797970_R2.paired.fastq.gz
Approx 60% complete for Serum_ERR1797970_R2.paired.fastq.gz
Approx 65% complete for Serum_ERR1797970_R2.paired.fastq.gz
Approx 70% complete for Serum_ERR1797970_R2.paired.fastq.gz
Approx 75% complete for Serum_ERR1797970_R2.paired.fastq.gz
Approx 80% complete for Serum_ERR1797970_R2.paired.fastq.gz
Approx 85% complete for Serum_ERR1797970_R2.paired.fastq.gz
Approx 90% complete for Serum_ERR1797970_R2.paired.fastq.gz
Approx 95% complete for Serum_ERR1797970_R2.paired.fastq.gz
Analysis complete for Serum_ERR1797970_R2.paired.fastq.gz
  ✓ Created trimmed FASTQs and FastQC reports in local storage

=== Processing Serum - ERR1797971 ===
  Pre-trimming QC...
application/gzip
application/gzip
Started analysis of Serum_ERR1797971_1.fastq.gz
Approx 5% complete for Serum_ERR1797971_1.fastq.gz
Approx 10% complete for Serum_ERR1797971_1.fastq.gz
Approx 15% complete for Serum_ERR1797971_1.fastq.gz
Approx 20% complete for Serum_ERR1797971_1.fastq.gz
Approx 25% complete for Serum_ERR1797971_1.fastq.gz
Approx 30% complete for Serum_ERR1797971_1.fastq.gz
Approx 35% complete for Serum_ERR1797971_1.fastq.gz
Approx 40% complete for Serum_ERR1797971_1.fastq.gz
Approx 45% complete for Serum_ERR1797971_1.fastq.gz
Approx 50% complete for Serum_ERR1797971_1.fastq.gz
Approx 55% complete for Serum_ERR1797971_1.fastq.gz
Approx 60% complete for Serum_ERR1797971_1.fastq.gz
Approx 65% complete for Serum_ERR1797971_1.fastq.gz
Approx 70% complete for Serum_ERR1797971_1.fastq.gz
Approx 75% complete for Serum_ERR1797971_1.fastq.gz
Approx 80% complete for Serum_ERR1797971_1.fastq.gz
Approx 85% complete for Serum_ERR1797971_1.fastq.gz
Approx 90% complete for Serum_ERR1797971_1.fastq.gz
Approx 95% complete for Serum_ERR1797971_1.fastq.gz
Analysis complete for Serum_ERR1797971_1.fastq.gz
Started analysis of Serum_ERR1797971_2.fastq.gz
Approx 5% complete for Serum_ERR1797971_2.fastq.gz
Approx 10% complete for Serum_ERR1797971_2.fastq.gz
Approx 15% complete for Serum_ERR1797971_2.fastq.gz
Approx 20% complete for Serum_ERR1797971_2.fastq.gz
Approx 25% complete for Serum_ERR1797971_2.fastq.gz
Approx 30% complete for Serum_ERR1797971_2.fastq.gz
Approx 35% complete for Serum_ERR1797971_2.fastq.gz
Approx 40% complete for Serum_ERR1797971_2.fastq.gz
Approx 45% complete for Serum_ERR1797971_2.fastq.gz
Approx 50% complete for Serum_ERR1797971_2.fastq.gz
Approx 55% complete for Serum_ERR1797971_2.fastq.gz
Approx 60% complete for Serum_ERR1797971_2.fastq.gz
Approx 65% complete for Serum_ERR1797971_2.fastq.gz
Approx 70% complete for Serum_ERR1797971_2.fastq.gz
Approx 75% complete for Serum_ERR1797971_2.fastq.gz
Approx 80% complete for Serum_ERR1797971_2.fastq.gz
Approx 85% complete for Serum_ERR1797971_2.fastq.gz
Approx 90% complete for Serum_ERR1797971_2.fastq.gz
Approx 95% complete for Serum_ERR1797971_2.fastq.gz
Analysis complete for Serum_ERR1797971_2.fastq.gz
  Trimming...
TrimmomaticPE: Started with arguments:
 -threads 1 -phred33 /scratch/rna_fastqc_trim_5522059/input/Serum_ERR1797971_1.fastq.gz /scratch/rna_fastqc_trim_5522059/input/Serum_ERR1797971_2.fastq.gz /scratch/rna_fastqc_trim_5522059/output/Serum_ERR1797971_R1.paired.fastq /scratch/rna_fastqc_trim_5522059/output/Serum_ERR1797971_R1.unpaired.fastq /scratch/rna_fastqc_trim_5522059/output/Serum_ERR1797971_R2.paired.fastq /scratch/rna_fastqc_trim_5522059/output/Serum_ERR1797971_R2.unpaired.fastq ILLUMINACLIP:/sw/arch/eb/software/Trimmomatic/0.39-Java-17/adapters/TruSeq3-PE.fa:2:30:10 LEADING:3 TRAILING:3 SLIDINGWINDOW:4:15 MINLEN:36
Using PrefixPair: 'TACACTCTTTCCCTACACGACGCTCTTCCGATCT' and 'GTGACTGGAGTTCAGACGTGTGCTCTTCCGATCT'
ILLUMINACLIP: Using 1 prefix pairs, 0 forward/reverse sequences, 0 forward only sequences, 0 reverse only sequences
Input Read Pairs: 27609615 Both Surviving: 14186338 (51.38%) Forward Only Surviving: 11830281 (42.85%) Reverse Only Surviving: 47162 (0.17%) Dropped: 1545834 (5.60%)
TrimmomaticPE: Completed successfully
  Post-trimming QC...
application/gzip
application/gzip
Started analysis of Serum_ERR1797971_R1.paired.fastq.gz
Approx 5% complete for Serum_ERR1797971_R1.paired.fastq.gz
Approx 10% complete for Serum_ERR1797971_R1.paired.fastq.gz
Approx 15% complete for Serum_ERR1797971_R1.paired.fastq.gz
Approx 20% complete for Serum_ERR1797971_R1.paired.fastq.gz
Approx 25% complete for Serum_ERR1797971_R1.paired.fastq.gz
Approx 30% complete for Serum_ERR1797971_R1.paired.fastq.gz
Approx 35% complete for Serum_ERR1797971_R1.paired.fastq.gz
Approx 40% complete for Serum_ERR1797971_R1.paired.fastq.gz
Approx 45% complete for Serum_ERR1797971_R1.paired.fastq.gz
Approx 50% complete for Serum_ERR1797971_R1.paired.fastq.gz
Approx 55% complete for Serum_ERR1797971_R1.paired.fastq.gz
Approx 60% complete for Serum_ERR1797971_R1.paired.fastq.gz
Approx 65% complete for Serum_ERR1797971_R1.paired.fastq.gz
Approx 70% complete for Serum_ERR1797971_R1.paired.fastq.gz
Approx 75% complete for Serum_ERR1797971_R1.paired.fastq.gz
Approx 80% complete for Serum_ERR1797971_R1.paired.fastq.gz
Approx 85% complete for Serum_ERR1797971_R1.paired.fastq.gz
Approx 90% complete for Serum_ERR1797971_R1.paired.fastq.gz
Approx 95% complete for Serum_ERR1797971_R1.paired.fastq.gz
Analysis complete for Serum_ERR1797971_R1.paired.fastq.gz
Started analysis of Serum_ERR1797971_R2.paired.fastq.gz
Approx 5% complete for Serum_ERR1797971_R2.paired.fastq.gz
Approx 10% complete for Serum_ERR1797971_R2.paired.fastq.gz
Approx 15% complete for Serum_ERR1797971_R2.paired.fastq.gz
Approx 20% complete for Serum_ERR1797971_R2.paired.fastq.gz
Approx 25% complete for Serum_ERR1797971_R2.paired.fastq.gz
Approx 30% complete for Serum_ERR1797971_R2.paired.fastq.gz
Approx 35% complete for Serum_ERR1797971_R2.paired.fastq.gz
Approx 40% complete for Serum_ERR1797971_R2.paired.fastq.gz
Approx 45% complete for Serum_ERR1797971_R2.paired.fastq.gz
Approx 50% complete for Serum_ERR1797971_R2.paired.fastq.gz
Approx 55% complete for Serum_ERR1797971_R2.paired.fastq.gz
Approx 60% complete for Serum_ERR1797971_R2.paired.fastq.gz
Approx 65% complete for Serum_ERR1797971_R2.paired.fastq.gz
Approx 70% complete for Serum_ERR1797971_R2.paired.fastq.gz
Approx 75% complete for Serum_ERR1797971_R2.paired.fastq.gz
Approx 80% complete for Serum_ERR1797971_R2.paired.fastq.gz
Approx 85% complete for Serum_ERR1797971_R2.paired.fastq.gz
Approx 90% complete for Serum_ERR1797971_R2.paired.fastq.gz
Approx 95% complete for Serum_ERR1797971_R2.paired.fastq.gz
Analysis complete for Serum_ERR1797971_R2.paired.fastq.gz
  ✓ Created trimmed FASTQs and FastQC reports in local storage

=== RNA preprocessing complete ===
sending incremental file list
./
BH_ERR1797972_1_fastqc.html
BH_ERR1797972_1_fastqc.zip
BH_ERR1797972_2_fastqc.html
BH_ERR1797972_2_fastqc.zip
BH_ERR1797972_R1.paired.fastq.gz
BH_ERR1797972_R1.paired_fastqc.html
BH_ERR1797972_R1.paired_fastqc.zip
BH_ERR1797972_R1.unpaired.fastq.gz
BH_ERR1797972_R2.paired.fastq.gz
BH_ERR1797972_R2.paired_fastqc.html
BH_ERR1797972_R2.paired_fastqc.zip
BH_ERR1797972_R2.unpaired.fastq.gz
BH_ERR1797973_1_fastqc.html
BH_ERR1797973_1_fastqc.zip
BH_ERR1797973_2_fastqc.html
BH_ERR1797973_2_fastqc.zip
BH_ERR1797973_R1.paired.fastq.gz
BH_ERR1797973_R1.paired_fastqc.html
BH_ERR1797973_R1.paired_fastqc.zip
BH_ERR1797973_R1.unpaired.fastq.gz
BH_ERR1797973_R2.paired.fastq.gz
BH_ERR1797973_R2.paired_fastqc.html
BH_ERR1797973_R2.paired_fastqc.zip
BH_ERR1797973_R2.unpaired.fastq.gz
BH_ERR1797974_1_fastqc.html
BH_ERR1797974_1_fastqc.zip
BH_ERR1797974_2_fastqc.html
BH_ERR1797974_2_fastqc.zip
BH_ERR1797974_R1.paired.fastq.gz
BH_ERR1797974_R1.paired_fastqc.html
BH_ERR1797974_R1.paired_fastqc.zip
BH_ERR1797974_R1.unpaired.fastq.gz
BH_ERR1797974_R2.paired.fastq.gz
BH_ERR1797974_R2.paired_fastqc.html
BH_ERR1797974_R2.paired_fastqc.zip
BH_ERR1797974_R2.unpaired.fastq.gz
Serum_ERR1797969_1_fastqc.html
Serum_ERR1797969_1_fastqc.zip
Serum_ERR1797969_2_fastqc.html
Serum_ERR1797969_2_fastqc.zip
Serum_ERR1797969_R1.paired.fastq.gz
Serum_ERR1797969_R1.paired_fastqc.html
Serum_ERR1797969_R1.paired_fastqc.zip
Serum_ERR1797969_R1.unpaired.fastq.gz
Serum_ERR1797969_R2.paired.fastq.gz
Serum_ERR1797969_R2.paired_fastqc.html
Serum_ERR1797969_R2.paired_fastqc.zip
Serum_ERR1797969_R2.unpaired.fastq.gz
Serum_ERR1797970_1_fastqc.html
Serum_ERR1797970_1_fastqc.zip
Serum_ERR1797970_2_fastqc.html
Serum_ERR1797970_2_fastqc.zip
Serum_ERR1797970_R1.paired.fastq.gz
Serum_ERR1797970_R1.paired_fastqc.html
Serum_ERR1797970_R1.paired_fastqc.zip
Serum_ERR1797970_R1.unpaired.fastq.gz
Serum_ERR1797970_R2.paired.fastq.gz
Serum_ERR1797970_R2.paired_fastqc.html
Serum_ERR1797970_R2.paired_fastqc.zip
Serum_ERR1797970_R2.unpaired.fastq.gz
Serum_ERR1797971_1_fastqc.html
Serum_ERR1797971_1_fastqc.zip
Serum_ERR1797971_2_fastqc.html
Serum_ERR1797971_2_fastqc.zip
Serum_ERR1797971_R1.paired.fastq.gz
Serum_ERR1797971_R1.paired_fastqc.html
Serum_ERR1797971_R1.paired_fastqc.zip
Serum_ERR1797971_R1.unpaired.fastq.gz
Serum_ERR1797971_R2.paired.fastq.gz
Serum_ERR1797971_R2.paired_fastqc.html
Serum_ERR1797971_R2.paired_fastqc.zip
Serum_ERR1797971_R2.unpaired.fastq.gz

sent 16,104,250,956 bytes  received 1,387 bytes  378,923,584.54 bytes/sec
total size is 16,100,314,333  speedup is 1.00
sending incremental file list
./
BH_ERR1797972_1_fastqc.html
BH_ERR1797972_2_fastqc.html
BH_ERR1797972_R1.paired_fastqc.html
BH_ERR1797972_R2.paired_fastqc.html
BH_ERR1797973_1_fastqc.html
BH_ERR1797973_2_fastqc.html
BH_ERR1797973_R1.paired_fastqc.html
BH_ERR1797973_R2.paired_fastqc.html
BH_ERR1797974_1_fastqc.html
BH_ERR1797974_2_fastqc.html
BH_ERR1797974_R1.paired_fastqc.html
BH_ERR1797974_R2.paired_fastqc.html
Serum_ERR1797969_1_fastqc.html
Serum_ERR1797969_2_fastqc.html
Serum_ERR1797969_R1.paired_fastqc.html
Serum_ERR1797969_R2.paired_fastqc.html
Serum_ERR1797970_1_fastqc.html
Serum_ERR1797970_2_fastqc.html
Serum_ERR1797970_R1.paired_fastqc.html
Serum_ERR1797970_R2.paired_fastqc.html
Serum_ERR1797971_1_fastqc.html
Serum_ERR1797971_2_fastqc.html
Serum_ERR1797971_R1.paired_fastqc.html
Serum_ERR1797971_R2.paired_fastqc.html

sent 15,914,698 bytes  received 475 bytes  31,830,346.00 bytes/sec
total size is 15,908,761  speedup is 1.00
