Running: canu -p E_faecium_PacBio -d analysis/01_genomeAssembly/E_faecium_PacBio genomeSize=2.8m gridOptions=-A uppmax2026-1-61 -M pelle -t 05:00:00 maxThreads=4 corThreads=4 oeaThreads=4 cnsThreads=4 -pacbio-raw data/PacBio/m131023_233432_42174_c100519312550000001823081209281335_s1_X0.1.subreads.fastq.gz data/PacBio/m131023_233432_42174_c100519312550000001823081209281335_s1_X0.2.subreads.fastq.gz data/PacBio/m131023_233432_42174_c100519312550000001823081209281335_s1_X0.3.subreads.fastq.gz data/PacBio/m131024_200535_42174_c100563672550000001823084212221342_s1_p0.1.subreads.fastq.gz data/PacBio/m131024_200535_42174_c100563672550000001823084212221342_s1_p0.2.subreads.fastq.gz data/PacBio/m131024_200535_42174_c100563672550000001823084212221342_s1_p0.3.subreads.fastq.gz
-- canu 2.3
--
-- CITATIONS
--
-- For 'standard' assemblies of PacBio or Nanopore reads:
--   Koren S, Walenz BP, Berlin K, Miller JR, Phillippy AM.
--   Canu: scalable and accurate long-read assembly via adaptive k-mer weighting and repeat separation.
--   Genome Res. 2017 May;27(5):722-736.
--   http://doi.org/10.1101/gr.215087.116
-- 
-- Read and contig alignments during correction and consensus use:
--   Šošic M, Šikic M.
--   Edlib: a C/C ++ library for fast, exact sequence alignment using edit distance.
--   Bioinformatics. 2017 May 1;33(9):1394-1395.
--   http://doi.org/10.1093/bioinformatics/btw753
-- 
-- Overlaps are generated using:
--   Berlin K, et al.
--   Assembling large genomes with single-molecule sequencing and locality-sensitive hashing.
--   Nat Biotechnol. 2015 Jun;33(6):623-30.
--   http://doi.org/10.1038/nbt.3238
-- 
--   Myers EW, et al.
--   A Whole-Genome Assembly of Drosophila.
--   Science. 2000 Mar 24;287(5461):2196-204.
--   http://doi.org/10.1126/science.287.5461.2196
-- 
-- Corrected read consensus sequences are generated using an algorithm derived from FALCON-sense:
--   Chin CS, et al.
--   Phased diploid genome assembly with single-molecule real-time sequencing.
--   Nat Methods. 2016 Dec;13(12):1050-1054.
--   http://doi.org/10.1038/nmeth.4035
-- 
-- Contig consensus sequences are generated using an algorithm derived from pbdagcon:
--   Chin CS, et al.
--   Nonhybrid, finished microbial genome assemblies from long-read SMRT sequencing data.
--   Nat Methods. 2013 Jun;10(6):563-9
--   http://doi.org/10.1038/nmeth.2474
-- 
-- CONFIGURE CANU
--
-- Detected Java(TM) Runtime Environment '17.0.15' (from '/sw/arch/eb/software/Java/17.0.15/bin/java') without -d64 support.
-- Detected gnuplot version '6.0 patchlevel 1   ' (from 'gnuplot') and image format 'png'.
-- Detected samtools version '1.22.1' / htslib version '1.22.1' (from 'samtools').
--
-- Detected 4 CPUs and 23 gigabytes of memory on the local machine.
--
-- Detected Slurm with 'sinfo' binary in /usr/bin/sinfo.
-- Detected Slurm with task IDs up to 10000 allowed.
-- 
-- Slurm support detected.  Resources available:
--     80 hosts with  96 cores and  753 GB memory.
--      6 hosts with  64 cores and  376 GB memory.
--      1 host  with  96 cores and 2265 GB memory.
--      1 host  with  96 cores and 3017 GB memory.
--     72 hosts with  16 cores and  243 GB memory.
--
-- Found PacBio CLR reads in 'E_faecium_PacBio.seqStore':
--   Libraries:
--     PacBio CLR:            6
--   Reads:
--     Raw:                   533813323
--     Corrected:             99959239
--     Corrected and Trimmed: 95118747
--
--
-- Job limits:
--      4 CPUs              (maxThreads option).
--
--                         (tag)Threads
--                (tag)Memory         |
--        (tag)             |         |  algorithm
--        -------  ----------  --------  -----------------------------
-- Grid:  meryl     12.000 GB    4 CPUs  (k-mer counting)
-- Grid:  cormhap    6.000 GB    4 CPUs  (overlap detection with mhap)
-- Grid:  obtovl     4.000 GB    4 CPUs  (overlap detection)
-- Grid:  utgovl     4.000 GB    4 CPUs  (overlap detection)
-- Grid:  cor        -.--- GB    4 CPUs  (read correction)
-- Grid:  ovb        4.000 GB    1 CPU   (overlap store bucketizer)
-- Grid:  ovs        8.000 GB    1 CPU   (overlap store sorting)
-- Grid:  red       16.000 GB    4 CPUs  (read error detection)
-- Grid:  oea        8.000 GB    4 CPUs  (overlap error adjustment)
-- Grid:  bat       16.000 GB    4 CPUs  (contig construction with bogart)
-- Grid:  cns        -.--- GB    4 CPUs  (consensus)
--
-- Generating assembly 'E_faecium_PacBio' in '/gorilla/home/raha1670/genome_analysis/analysis/01_genomeAssembly/E_faecium_PacBio':
--   genomeSize:
--     2800000
--
--   Overlap Generation Limits:
--     corOvlErrorRate 0.2400 ( 24.00%)
--     obtOvlErrorRate 0.0450 (  4.50%)
--     utgOvlErrorRate 0.0450 (  4.50%)
--
--   Overlap Processing Limits:
--     corErrorRate    0.2500 ( 25.00%)
--     obtErrorRate    0.0450 (  4.50%)
--     utgErrorRate    0.0450 (  4.50%)
--     cnsErrorRate    0.0750 (  7.50%)
--
--   Stages to run:
--     assemble corrected and trimmed reads.
--
--
-- Correction skipped; not enabled.
--
-- Trimming skipped; not enabled.
--
-- Unitigging skipped; contigs exist in E_faecium_PacBio.contigs.fasta.
--
-- Bye.
Running: tar -czf analysis/01_genomeAssembly/E_faecium_PacBio_canu_output.tar.gz -C analysis/01_genomeAssembly E_faecium_PacBio
